Using device: cuda
======================================================================
Triple-Well Potential Training
======================================================================

1. Training neural network with curriculum learning...
Training for 40000 epochs...
Warmup: epochs 0-2000
Annealing: epochs 2000-25000
Fine-tuning: epochs 25000-40000
Epoch     0 | Loss: 1.224782e+01 | σ: 5.0000 | lr_gen: 1.000000e-03
Epoch   500 | Loss: 1.057086e+02 | σ: 5.0000 | lr_gen: 1.000000e-03
Epoch  1000 | Loss: 7.834842e+01 | σ: 5.0000 | lr_gen: 1.000000e-03
Epoch  1500 | Loss: 1.497431e+02 | σ: 5.0000 | lr_gen: 1.000000e-03
Epoch  2000 | Loss: 1.023416e+02 | σ: 5.0000 | lr_gen: 1.000000e-03
Epoch  2500 | Loss: 7.514934e+01 | σ: 4.9948 | lr_gen: 9.512270e-04
Epoch  3000 | Loss: 8.851958e+01 | σ: 4.9790 | lr_gen: 9.048329e-04
Epoch  3500 | Loss: 1.083007e+02 | σ: 4.9529 | lr_gen: 8.607015e-04
Epoch  4000 | Loss: 8.068680e+01 | σ: 4.9166 | lr_gen: 8.187226e-04
Epoch  4500 | Loss: 7.054161e+01 | σ: 4.8701 | lr_gen: 7.787910e-04
Epoch  5000 | Loss: 6.767687e+01 | σ: 4.8137 | lr_gen: 7.408071e-04
Epoch  5500 | Loss: 9.437535e+01 | σ: 4.7477 | lr_gen: 7.046758e-04
Epoch  6000 | Loss: 7.799749e+01 | σ: 4.6724 | lr_gen: 6.703066e-04
Epoch  6500 | Loss: 7.845990e+01 | σ: 4.5882 | lr_gen: 6.376138e-04
Epoch  7000 | Loss: 7.346909e+01 | σ: 4.4954 | lr_gen: 6.065155e-04
Epoch  7500 | Loss: 6.920265e+01 | σ: 4.3944 | lr_gen: 5.769339e-04
Epoch  8000 | Loss: 7.329247e+01 | σ: 4.2857 | lr_gen: 5.487952e-04
Epoch  8500 | Loss: 6.396646e+01 | σ: 4.1699 | lr_gen: 5.220288e-04
Epoch  9000 | Loss: 5.047566e+01 | σ: 4.0475 | lr_gen: 4.965679e-04
Epoch  9500 | Loss: 4.322327e+01 | σ: 3.9191 | lr_gen: 4.723488e-04
Epoch 10000 | Loss: 4.218485e+01 | σ: 3.7851 | lr_gen: 4.493110e-04
Epoch 10500 | Loss: 3.700064e+01 | σ: 3.6464 | lr_gen: 4.273968e-04
Epoch 11000 | Loss: 4.375684e+01 | σ: 3.5035 | lr_gen: 4.065514e-04
Epoch 11500 | Loss: 2.839679e+01 | σ: 3.3570 | lr_gen: 3.867227e-04
Epoch 12000 | Loss: 1.794921e+01 | σ: 3.2078 | lr_gen: 3.678610e-04
Epoch 12500 | Loss: 2.042180e+01 | σ: 3.0564 | lr_gen: 3.499194e-04
Epoch 13000 | Loss: 1.705190e+01 | σ: 2.9035 | lr_gen: 3.328528e-04
Epoch 13500 | Loss: 1.275930e+01 | σ: 2.7500 | lr_gen: 3.166186e-04
Epoch 14000 | Loss: 9.497833e+00 | σ: 2.5965 | lr_gen: 3.011761e-04
Epoch 14500 | Loss: 6.869588e+00 | σ: 2.4436 | lr_gen: 2.864869e-04
Epoch 15000 | Loss: 5.937016e+00 | σ: 2.2922 | lr_gen: 2.725141e-04
Epoch 15500 | Loss: 5.003723e+00 | σ: 2.1430 | lr_gen: 2.592228e-04
Epoch 16000 | Loss: 3.635817e+00 | σ: 1.9965 | lr_gen: 2.465797e-04
Epoch 16500 | Loss: 1.747829e+00 | σ: 1.8536 | lr_gen: 2.345533e-04
Epoch 17000 | Loss: 1.472268e+00 | σ: 1.7149 | lr_gen: 2.231134e-04
Epoch 17500 | Loss: 1.275047e+00 | σ: 1.5809 | lr_gen: 2.122315e-04
Epoch 18000 | Loss: 9.515657e-01 | σ: 1.4525 | lr_gen: 2.018804e-04
Epoch 18500 | Loss: 5.813446e-01 | σ: 1.3301 | lr_gen: 1.920341e-04
Epoch 19000 | Loss: 4.789335e-01 | σ: 1.2143 | lr_gen: 1.826680e-04
Epoch 19500 | Loss: 2.669248e-01 | σ: 1.1056 | lr_gen: 1.737587e-04
Epoch 20000 | Loss: 1.852381e-01 | σ: 1.0046 | lr_gen: 1.652840e-04
Epoch 20500 | Loss: 1.298435e-01 | σ: 0.9118 | lr_gen: 1.572226e-04
Epoch 21000 | Loss: 1.325787e-01 | σ: 0.8276 | lr_gen: 1.495544e-04
Epoch 21500 | Loss: 6.306895e-02 | σ: 0.7523 | lr_gen: 1.422602e-04
Epoch 22000 | Loss: 9.577242e-02 | σ: 0.6863 | lr_gen: 1.353217e-04
Epoch 22500 | Loss: 9.779496e-02 | σ: 0.6299 | lr_gen: 1.287217e-04
Epoch 23000 | Loss: 6.187250e-02 | σ: 0.5834 | lr_gen: 1.224436e-04
Epoch 23500 | Loss: 6.524149e-02 | σ: 0.5471 | lr_gen: 1.164716e-04
Epoch 24000 | Loss: 4.559924e-02 | σ: 0.5210 | lr_gen: 1.107910e-04
Epoch 24500 | Loss: 5.224479e-02 | σ: 0.5052 | lr_gen: 1.053874e-04
Epoch 25000 | Loss: 6.358194e-02 | σ: 0.5000 | lr_gen: 1.002473e-04
Epoch 25500 | Loss: 6.828557e-02 | σ: 0.5000 | lr_gen: 9.777214e-05
Epoch 26000 | Loss: 4.888587e-02 | σ: 0.5000 | lr_gen: 9.535808e-05
Epoch 26500 | Loss: 5.976098e-02 | σ: 0.5000 | lr_gen: 9.300362e-05
Epoch 27000 | Loss: 6.384888e-02 | σ: 0.5000 | lr_gen: 9.070729e-05
Epoch 27500 | Loss: 5.591523e-02 | σ: 0.5000 | lr_gen: 8.846767e-05
Epoch 28000 | Loss: 4.681017e-02 | σ: 0.5000 | lr_gen: 8.628334e-05
Epoch 28500 | Loss: 7.119470e-02 | σ: 0.5000 | lr_gen: 8.415294e-05
Epoch 29000 | Loss: 6.693909e-02 | σ: 0.5000 | lr_gen: 8.207515e-05
Epoch 29500 | Loss: 8.949886e-02 | σ: 0.5000 | lr_gen: 8.004866e-05
Epoch 30000 | Loss: 4.959773e-02 | σ: 0.5000 | lr_gen: 7.807220e-05
Epoch 30500 | Loss: 5.168058e-02 | σ: 0.5000 | lr_gen: 7.614454e-05
Epoch 31000 | Loss: 7.746051e-02 | σ: 0.5000 | lr_gen: 7.426448e-05
Epoch 31500 | Loss: 3.642040e-02 | σ: 0.5000 | lr_gen: 7.243084e-05
Epoch 32000 | Loss: 8.789962e-02 | σ: 0.5000 | lr_gen: 7.064247e-05
Epoch 32500 | Loss: 4.921812e-02 | σ: 0.5000 | lr_gen: 6.889826e-05
Epoch 33000 | Loss: 6.713013e-02 | σ: 0.5000 | lr_gen: 6.719711e-05
Epoch 33500 | Loss: 5.990497e-02 | σ: 0.5000 | lr_gen: 6.553797e-05
Epoch 34000 | Loss: 7.968865e-02 | σ: 0.5000 | lr_gen: 6.391979e-05
Epoch 34500 | Loss: 4.378132e-02 | σ: 0.5000 | lr_gen: 6.234157e-05
Epoch 35000 | Loss: 6.194403e-02 | σ: 0.5000 | lr_gen: 6.080231e-05
Epoch 35500 | Loss: 6.500793e-02 | σ: 0.5000 | lr_gen: 5.930106e-05
Epoch 36000 | Loss: 8.097953e-02 | σ: 0.5000 | lr_gen: 5.783687e-05
Epoch 36500 | Loss: 5.694563e-02 | σ: 0.5000 | lr_gen: 5.640884e-05
Epoch 37000 | Loss: 7.223893e-02 | σ: 0.5000 | lr_gen: 5.501607e-05
Epoch 37500 | Loss: 5.825401e-02 | σ: 0.5000 | lr_gen: 5.365768e-05
Epoch 38000 | Loss: 5.726596e-02 | σ: 0.5000 | lr_gen: 5.233284e-05
Epoch 38500 | Loss: 5.706831e-02 | σ: 0.5000 | lr_gen: 5.104070e-05
Epoch 39000 | Loss: 5.600300e-02 | σ: 0.5000 | lr_gen: 4.978047e-05
Epoch 39500 | Loss: 8.348466e-02 | σ: 0.5000 | lr_gen: 4.855136e-05

2. Saving results...

======================================================================
TRAINING SUMMARY
======================================================================

Training:
  Final loss: 4.745513e-02
  Minimum loss: 2.554997e-02 at epoch 37303
  Final σ: 0.500

======================================================================
✓ Training complete! Results saved to 'results_triple_well/'

Saved files:
  1. checkpoint.pth - Trained model and training logs

Run plot_triple_well.py to visualize results and compare with FV solution
======================================================================

======================================================================
Running plotting script...
======================================================================
======================================================================
Triple-Well Potential Visualization
======================================================================

Using device: cuda
Loading trained model...

Running Scharfetter-Gummel finite volume solver...
  CFL (diffusion): 0.7176
  CFL (advection): 11.1639
  Max |drift|: 465.9375
Traceback (most recent call last):
  File "/users/andrewho/WANPM_FP/Tripple_Well_T1/train_triple_well.py", line 345, in <module>
    main()
  File "/users/andrewho/WANPM_FP/Tripple_Well_T1/train_triple_well.py", line 338, in main
    plot_triple_well.main()
  File "/users/andrewho/WANPM_FP/Tripple_Well_T1/plot_triple_well.py", line 1054, in main
    x_grid_fv, times_fv, rho_history_fv, means_fv, variances_fv = run_finite_volume()
  File "/users/andrewho/WANPM_FP/Tripple_Well_T1/plot_triple_well.py", line 660, in run_finite_volume
    rho = rho / np.trapezoid(rho, x_grid)  # Normalize
  File "/users/andrewho/.conda/envs/torch_gpu/lib/python3.10/site-packages/numpy/__init__.py", line 333, in __getattr__
    raise AttributeError("module {!r} has no attribute "
AttributeError: module 'numpy' has no attribute 'trapezoid'
======================================================================
Triple-Well Potential Visualization
======================================================================

Using device: cuda
Loading trained model...

Running Scharfetter-Gummel finite volume solver...
  CFL (diffusion): 0.7176
  CFL (advection): 11.1639
  Max |drift|: 465.9375
Traceback (most recent call last):
  File "/users/andrewho/WANPM_FP/Tripple_Well_T1/plot_triple_well.py", line 1092, in <module>
    main()
  File "/users/andrewho/WANPM_FP/Tripple_Well_T1/plot_triple_well.py", line 1054, in main
    x_grid_fv, times_fv, rho_history_fv, means_fv, variances_fv = run_finite_volume()
  File "/users/andrewho/WANPM_FP/Tripple_Well_T1/plot_triple_well.py", line 660, in run_finite_volume
    rho = rho / np.trapezoid(rho, x_grid)  # Normalize
  File "/users/andrewho/.conda/envs/torch_gpu/lib/python3.10/site-packages/numpy/__init__.py", line 333, in __getattr__
    raise AttributeError("module {!r} has no attribute "
AttributeError: module 'numpy' has no attribute 'trapezoid'
