Using device: cuda
======================================================================
Triple-Well Potential Training
======================================================================

1. Training neural network with curriculum learning...
Training for 40000 epochs...
Warmup: epochs 0-2000
Annealing: epochs 2000-25000
Fine-tuning: epochs 25000-40000
Epoch     0 | Loss: 1.074020e+01 | σ: 5.0000 | lr_gen: 1.000000e-03
Epoch   500 | Loss: 8.053702e+01 | σ: 5.0000 | lr_gen: 1.000000e-03
Epoch  1000 | Loss: 1.174353e+02 | σ: 5.0000 | lr_gen: 1.000000e-03
Epoch  1500 | Loss: 1.177590e+02 | σ: 5.0000 | lr_gen: 1.000000e-03
Epoch  2000 | Loss: 9.530317e+01 | σ: 5.0000 | lr_gen: 1.000000e-03
Epoch  2500 | Loss: 7.931971e+01 | σ: 4.9948 | lr_gen: 9.512270e-04
Epoch  3000 | Loss: 9.687358e+01 | σ: 4.9790 | lr_gen: 9.048329e-04
Epoch  3500 | Loss: 1.228791e+02 | σ: 4.9529 | lr_gen: 8.607015e-04
Epoch  4000 | Loss: 9.367659e+01 | σ: 4.9166 | lr_gen: 8.187226e-04
Epoch  4500 | Loss: 8.246356e+01 | σ: 4.8701 | lr_gen: 7.787910e-04
Epoch  5000 | Loss: 8.681131e+01 | σ: 4.8137 | lr_gen: 7.408071e-04
Epoch  5500 | Loss: 7.380562e+01 | σ: 4.7477 | lr_gen: 7.046758e-04
Epoch  6000 | Loss: 9.469303e+01 | σ: 4.6724 | lr_gen: 6.703066e-04
Epoch  6500 | Loss: 8.423687e+01 | σ: 4.5882 | lr_gen: 6.376138e-04
Epoch  7000 | Loss: 8.079263e+01 | σ: 4.4954 | lr_gen: 6.065155e-04
Epoch  7500 | Loss: 5.169991e+01 | σ: 4.3944 | lr_gen: 5.769339e-04
Epoch  8000 | Loss: 5.714079e+01 | σ: 4.2857 | lr_gen: 5.487952e-04
Epoch  8500 | Loss: 6.015211e+01 | σ: 4.1699 | lr_gen: 5.220288e-04
Epoch  9000 | Loss: 5.599191e+01 | σ: 4.0475 | lr_gen: 4.965679e-04
Epoch  9500 | Loss: 7.265646e+01 | σ: 3.9191 | lr_gen: 4.723488e-04
Epoch 10000 | Loss: 4.333781e+01 | σ: 3.7851 | lr_gen: 4.493110e-04
Epoch 10500 | Loss: 4.473140e+01 | σ: 3.6464 | lr_gen: 4.273968e-04
Epoch 11000 | Loss: 3.877025e+01 | σ: 3.5035 | lr_gen: 4.065514e-04
Epoch 11500 | Loss: 3.655745e+01 | σ: 3.3570 | lr_gen: 3.867227e-04
Epoch 12000 | Loss: 3.003502e+01 | σ: 3.2078 | lr_gen: 3.678610e-04
Epoch 12500 | Loss: 2.298393e+01 | σ: 3.0564 | lr_gen: 3.499194e-04
Epoch 13000 | Loss: 1.737523e+01 | σ: 2.9035 | lr_gen: 3.328528e-04
Epoch 13500 | Loss: 1.564011e+01 | σ: 2.7500 | lr_gen: 3.166186e-04
Epoch 14000 | Loss: 1.141767e+01 | σ: 2.5965 | lr_gen: 3.011761e-04
Epoch 14500 | Loss: 1.000806e+01 | σ: 2.4436 | lr_gen: 2.864869e-04
Epoch 15000 | Loss: 8.723748e+00 | σ: 2.2922 | lr_gen: 2.725141e-04
Epoch 15500 | Loss: 6.399043e+00 | σ: 2.1430 | lr_gen: 2.592228e-04
Epoch 16000 | Loss: 4.225127e+00 | σ: 1.9965 | lr_gen: 2.465797e-04
Epoch 16500 | Loss: 4.272669e+00 | σ: 1.8536 | lr_gen: 2.345533e-04
Epoch 17000 | Loss: 1.929967e+00 | σ: 1.7149 | lr_gen: 2.231134e-04
Epoch 17500 | Loss: 1.568698e+00 | σ: 1.5809 | lr_gen: 2.122315e-04
Epoch 18000 | Loss: 1.143525e+00 | σ: 1.4525 | lr_gen: 2.018804e-04
Epoch 18500 | Loss: 1.192599e+00 | σ: 1.3301 | lr_gen: 1.920341e-04
Epoch 19000 | Loss: 6.687045e-01 | σ: 1.2143 | lr_gen: 1.826680e-04
Epoch 19500 | Loss: 5.352759e-01 | σ: 1.1056 | lr_gen: 1.737587e-04
Epoch 20000 | Loss: 4.337005e-01 | σ: 1.0046 | lr_gen: 1.652840e-04
Epoch 20500 | Loss: 3.286563e-01 | σ: 0.9118 | lr_gen: 1.572226e-04
Epoch 21000 | Loss: 1.869062e-01 | σ: 0.8276 | lr_gen: 1.495544e-04
Epoch 21500 | Loss: 1.307712e-01 | σ: 0.7523 | lr_gen: 1.422602e-04
Epoch 22000 | Loss: 1.408389e-01 | σ: 0.6863 | lr_gen: 1.353217e-04
Epoch 22500 | Loss: 1.040723e-01 | σ: 0.6299 | lr_gen: 1.287217e-04
Epoch 23000 | Loss: 1.236991e-01 | σ: 0.5834 | lr_gen: 1.224436e-04
Epoch 23500 | Loss: 9.648938e-02 | σ: 0.5471 | lr_gen: 1.164716e-04
Epoch 24000 | Loss: 1.181418e-01 | σ: 0.5210 | lr_gen: 1.107910e-04
Epoch 24500 | Loss: 7.942716e-02 | σ: 0.5052 | lr_gen: 1.053874e-04
Epoch 25000 | Loss: 7.703719e-02 | σ: 0.5000 | lr_gen: 1.002473e-04
Epoch 25500 | Loss: 6.589934e-02 | σ: 0.5000 | lr_gen: 9.777214e-05
Epoch 26000 | Loss: 9.099622e-02 | σ: 0.5000 | lr_gen: 9.535808e-05
Epoch 26500 | Loss: 6.318541e-02 | σ: 0.5000 | lr_gen: 9.300362e-05
Epoch 27000 | Loss: 7.007802e-02 | σ: 0.5000 | lr_gen: 9.070729e-05
Epoch 27500 | Loss: 7.132218e-02 | σ: 0.5000 | lr_gen: 8.846767e-05
Epoch 28000 | Loss: 6.339055e-02 | σ: 0.5000 | lr_gen: 8.628334e-05
Epoch 28500 | Loss: 9.105809e-02 | σ: 0.5000 | lr_gen: 8.415294e-05
Epoch 29000 | Loss: 7.134244e-02 | σ: 0.5000 | lr_gen: 8.207515e-05
Epoch 29500 | Loss: 9.095310e-02 | σ: 0.5000 | lr_gen: 8.004866e-05
Epoch 30000 | Loss: 5.508697e-02 | σ: 0.5000 | lr_gen: 7.807220e-05
Epoch 30500 | Loss: 6.610131e-02 | σ: 0.5000 | lr_gen: 7.614454e-05
Epoch 31000 | Loss: 1.051116e-01 | σ: 0.5000 | lr_gen: 7.426448e-05
Epoch 31500 | Loss: 8.050127e-02 | σ: 0.5000 | lr_gen: 7.243084e-05
Epoch 32000 | Loss: 1.033809e-01 | σ: 0.5000 | lr_gen: 7.064247e-05
Epoch 32500 | Loss: 7.645977e-02 | σ: 0.5000 | lr_gen: 6.889826e-05
Epoch 33000 | Loss: 1.073114e-01 | σ: 0.5000 | lr_gen: 6.719711e-05
Epoch 33500 | Loss: 7.349715e-02 | σ: 0.5000 | lr_gen: 6.553797e-05
Epoch 34000 | Loss: 8.092827e-02 | σ: 0.5000 | lr_gen: 6.391979e-05
Epoch 34500 | Loss: 5.103156e-02 | σ: 0.5000 | lr_gen: 6.234157e-05
Epoch 35000 | Loss: 7.660142e-02 | σ: 0.5000 | lr_gen: 6.080231e-05
Epoch 35500 | Loss: 7.884512e-02 | σ: 0.5000 | lr_gen: 5.930106e-05
Epoch 36000 | Loss: 7.500785e-02 | σ: 0.5000 | lr_gen: 5.783687e-05
Epoch 36500 | Loss: 7.802077e-02 | σ: 0.5000 | lr_gen: 5.640884e-05
Epoch 37000 | Loss: 8.809578e-02 | σ: 0.5000 | lr_gen: 5.501607e-05
Epoch 37500 | Loss: 8.460893e-02 | σ: 0.5000 | lr_gen: 5.365768e-05
Epoch 38000 | Loss: 8.735040e-02 | σ: 0.5000 | lr_gen: 5.233284e-05
Epoch 38500 | Loss: 1.062471e-01 | σ: 0.5000 | lr_gen: 5.104070e-05
Epoch 39000 | Loss: 8.496763e-02 | σ: 0.5000 | lr_gen: 4.978047e-05
Epoch 39500 | Loss: 1.101762e-01 | σ: 0.5000 | lr_gen: 4.855136e-05

2. Saving results...

======================================================================
TRAINING SUMMARY
======================================================================

Training:
  Final loss: 8.640444e-02
  Minimum loss: 3.749065e-02 at epoch 32282
  Final σ: 0.500

======================================================================
✓ Training complete! Results saved to 'results_triple_well/'

Saved files:
  1. checkpoint.pth - Trained model and training logs

Run plot_triple_well.py to visualize results and compare with FV solution
======================================================================

======================================================================
Running plotting script...
======================================================================
======================================================================
Triple-Well Potential Visualization
======================================================================

Using device: cuda
Loading trained model...

Running Scharfetter-Gummel finite volume solver...
  CFL (diffusion): 0.7176
  CFL (advection): 11.1639
  Max |drift|: 465.9375
  log(M) range: [-1378.12, -0.00]
Scharfetter-Gummel solver completed: 102 snapshots saved

1. Plotting potential and drift...
Saved: results_triple_well/potential_drift.png

2. Plotting initial condition...
Saved: results_triple_well/initial_condition.png

3. Plotting training diagnostics...
Saved: results_triple_well/training_diagnostics.png

4. Comparing NN vs FV solutions...
Saved: results_triple_well/pdf_comparison.png

5. Plotting time evolution heatmap...
Saved: results_triple_well/time_evolution.png

======================================================================
VISUALIZATION SUMMARY
======================================================================

Comparison (NN vs FV):
  Average L² error: 0.135142
  L² errors at times [0.1, 0.2, 0.5, 0.8, 1.0]:
    t = 0.10: L² = 0.121034
    t = 0.20: L² = 0.106403
    t = 0.50: L² = 0.145622
    t = 0.80: L² = 0.168594
    t = 1.00: L² = 0.134055

======================================================================
✓ All visualizations complete!

Generated plots in 'results_triple_well/':
  1. potential_drift.png - Triple-well potential and drift
  2. initial_condition.png - Mixture Gaussian IC
  3. training_diagnostics.png - Loss, σ, and learning rates
  4. pdf_comparison.png - NN vs FV PDFs at different times
  5. time_evolution.png - Heatmap of density evolution
======================================================================
======================================================================
Triple-Well Potential Visualization
======================================================================

Using device: cuda
Loading trained model...

Running Scharfetter-Gummel finite volume solver...
  CFL (diffusion): 0.7176
  CFL (advection): 11.1639
  Max |drift|: 465.9375
  log(M) range: [-1378.12, -0.00]
Scharfetter-Gummel solver completed: 102 snapshots saved

1. Plotting potential and drift...
Saved: results_triple_well/potential_drift.png

2. Plotting initial condition...
Saved: results_triple_well/initial_condition.png

3. Plotting training diagnostics...
Saved: results_triple_well/training_diagnostics.png

4. Comparing NN vs FV solutions...
Saved: results_triple_well/pdf_comparison.png

5. Plotting time evolution heatmap...
Saved: results_triple_well/time_evolution.png

======================================================================
VISUALIZATION SUMMARY
======================================================================

Comparison (NN vs FV):
  Average L² error: 0.134340
  L² errors at times [0.1, 0.2, 0.5, 0.8, 1.0]:
    t = 0.10: L² = 0.127875
    t = 0.20: L² = 0.105527
    t = 0.50: L² = 0.137815
    t = 0.80: L² = 0.161887
    t = 1.00: L² = 0.138594

======================================================================
✓ All visualizations complete!

Generated plots in 'results_triple_well/':
  1. potential_drift.png - Triple-well potential and drift
  2. initial_condition.png - Mixture Gaussian IC
  3. training_diagnostics.png - Loss, σ, and learning rates
  4. pdf_comparison.png - NN vs FV PDFs at different times
  5. time_evolution.png - Heatmap of density evolution
======================================================================
