Using device: cuda
======================================================================
Triple-Well Potential Training
======================================================================

1. Training neural network with curriculum learning...
Training for 40000 epochs...
Warmup: epochs 0-2000
Annealing: epochs 2000-25000
Fine-tuning: epochs 25000-40000
Epoch     0 | Loss: 1.076306e+01 | σ: 5.0000 | lr_gen: 1.000000e-03
Epoch   500 | Loss: 6.915015e+01 | σ: 5.0000 | lr_gen: 1.000000e-03
Epoch  1000 | Loss: 1.095674e+02 | σ: 5.0000 | lr_gen: 1.000000e-03
Epoch  1500 | Loss: 1.146523e+02 | σ: 5.0000 | lr_gen: 1.000000e-03
Epoch  2000 | Loss: 1.085999e+02 | σ: 5.0000 | lr_gen: 1.000000e-03
Epoch  2500 | Loss: 1.016837e+02 | σ: 4.9948 | lr_gen: 9.512270e-04
Epoch  3000 | Loss: 9.522911e+01 | σ: 4.9790 | lr_gen: 9.048329e-04
Epoch  3500 | Loss: 1.122302e+02 | σ: 4.9529 | lr_gen: 8.607015e-04
Epoch  4000 | Loss: 8.677030e+01 | σ: 4.9166 | lr_gen: 8.187226e-04
Epoch  4500 | Loss: 8.937598e+01 | σ: 4.8701 | lr_gen: 7.787910e-04
Epoch  5000 | Loss: 7.817490e+01 | σ: 4.8137 | lr_gen: 7.408071e-04
Epoch  5500 | Loss: 8.173804e+01 | σ: 4.7477 | lr_gen: 7.046758e-04
Epoch  6000 | Loss: 9.639752e+01 | σ: 4.6724 | lr_gen: 6.703066e-04
Epoch  6500 | Loss: 7.957719e+01 | σ: 4.5882 | lr_gen: 6.376138e-04
Epoch  7000 | Loss: 6.671346e+01 | σ: 4.4954 | lr_gen: 6.065155e-04
Epoch  7500 | Loss: 6.652536e+01 | σ: 4.3944 | lr_gen: 5.769339e-04
Epoch  8000 | Loss: 5.287484e+01 | σ: 4.2857 | lr_gen: 5.487952e-04
Epoch  8500 | Loss: 5.466608e+01 | σ: 4.1699 | lr_gen: 5.220288e-04
Epoch  9000 | Loss: 5.230254e+01 | σ: 4.0475 | lr_gen: 4.965679e-04
Epoch  9500 | Loss: 4.729834e+01 | σ: 3.9191 | lr_gen: 4.723488e-04
Epoch 10000 | Loss: 5.038048e+01 | σ: 3.7851 | lr_gen: 4.493110e-04
Epoch 10500 | Loss: 3.264808e+01 | σ: 3.6464 | lr_gen: 4.273968e-04
Epoch 11000 | Loss: 2.498805e+01 | σ: 3.5035 | lr_gen: 4.065514e-04
Epoch 11500 | Loss: 2.401524e+01 | σ: 3.3570 | lr_gen: 3.867227e-04
Epoch 12000 | Loss: 2.333883e+01 | σ: 3.2078 | lr_gen: 3.678610e-04
Epoch 12500 | Loss: 1.757119e+01 | σ: 3.0564 | lr_gen: 3.499194e-04
Epoch 13000 | Loss: 1.399972e+01 | σ: 2.9035 | lr_gen: 3.328528e-04
Epoch 13500 | Loss: 1.308720e+01 | σ: 2.7500 | lr_gen: 3.166186e-04
Epoch 14000 | Loss: 8.546033e+00 | σ: 2.5965 | lr_gen: 3.011761e-04
Epoch 14500 | Loss: 6.639266e+00 | σ: 2.4436 | lr_gen: 2.864869e-04
Epoch 15000 | Loss: 5.407819e+00 | σ: 2.2922 | lr_gen: 2.725141e-04
Epoch 15500 | Loss: 3.736602e+00 | σ: 2.1430 | lr_gen: 2.592228e-04
Epoch 16000 | Loss: 3.303495e+00 | σ: 1.9965 | lr_gen: 2.465797e-04
Epoch 16500 | Loss: 2.006944e+00 | σ: 1.8536 | lr_gen: 2.345533e-04
Epoch 17000 | Loss: 1.100403e+00 | σ: 1.7149 | lr_gen: 2.231134e-04
Epoch 17500 | Loss: 9.076018e-01 | σ: 1.5809 | lr_gen: 2.122315e-04
Epoch 18000 | Loss: 6.803118e-01 | σ: 1.4525 | lr_gen: 2.018804e-04
Epoch 18500 | Loss: 3.618999e-01 | σ: 1.3301 | lr_gen: 1.920341e-04
Epoch 19000 | Loss: 3.282555e-01 | σ: 1.2143 | lr_gen: 1.826680e-04
Epoch 19500 | Loss: 2.637787e-01 | σ: 1.1056 | lr_gen: 1.737587e-04
Epoch 20000 | Loss: 1.718119e-01 | σ: 1.0046 | lr_gen: 1.652840e-04
Epoch 20500 | Loss: 1.301122e-01 | σ: 0.9118 | lr_gen: 1.572226e-04
Epoch 21000 | Loss: 1.182901e-01 | σ: 0.8276 | lr_gen: 1.495544e-04
Epoch 21500 | Loss: 7.938729e-02 | σ: 0.7523 | lr_gen: 1.422602e-04
Epoch 22000 | Loss: 6.063538e-02 | σ: 0.6863 | lr_gen: 1.353217e-04
Epoch 22500 | Loss: 8.305411e-02 | σ: 0.6299 | lr_gen: 1.287217e-04
Epoch 23000 | Loss: 6.707131e-02 | σ: 0.5834 | lr_gen: 1.224436e-04
Epoch 23500 | Loss: 6.360874e-02 | σ: 0.5471 | lr_gen: 1.164716e-04
Epoch 24000 | Loss: 5.443322e-02 | σ: 0.5210 | lr_gen: 1.107910e-04
Epoch 24500 | Loss: 8.243865e-02 | σ: 0.5052 | lr_gen: 1.053874e-04
Epoch 25000 | Loss: 6.101576e-02 | σ: 0.5000 | lr_gen: 1.002473e-04
Epoch 25500 | Loss: 6.363656e-02 | σ: 0.5000 | lr_gen: 9.777214e-05
Epoch 26000 | Loss: 6.640872e-02 | σ: 0.5000 | lr_gen: 9.535808e-05
Epoch 26500 | Loss: 5.848517e-02 | σ: 0.5000 | lr_gen: 9.300362e-05
Epoch 27000 | Loss: 5.203238e-02 | σ: 0.5000 | lr_gen: 9.070729e-05
Epoch 27500 | Loss: 6.706686e-02 | σ: 0.5000 | lr_gen: 8.846767e-05
Epoch 28000 | Loss: 7.108078e-02 | σ: 0.5000 | lr_gen: 8.628334e-05
Epoch 28500 | Loss: 6.717499e-02 | σ: 0.5000 | lr_gen: 8.415294e-05
Epoch 29000 | Loss: 6.749988e-02 | σ: 0.5000 | lr_gen: 8.207515e-05
Epoch 29500 | Loss: 7.093614e-02 | σ: 0.5000 | lr_gen: 8.004866e-05
Epoch 30000 | Loss: 5.608274e-02 | σ: 0.5000 | lr_gen: 7.807220e-05
Epoch 30500 | Loss: 5.327707e-02 | σ: 0.5000 | lr_gen: 7.614454e-05
Epoch 31000 | Loss: 6.798436e-02 | σ: 0.5000 | lr_gen: 7.426448e-05
Epoch 31500 | Loss: 6.257249e-02 | σ: 0.5000 | lr_gen: 7.243084e-05
Epoch 32000 | Loss: 6.537405e-02 | σ: 0.5000 | lr_gen: 7.064247e-05
Epoch 32500 | Loss: 6.409984e-02 | σ: 0.5000 | lr_gen: 6.889826e-05
Epoch 33000 | Loss: 6.768175e-02 | σ: 0.5000 | lr_gen: 6.719711e-05
Epoch 33500 | Loss: 7.911068e-02 | σ: 0.5000 | lr_gen: 6.553797e-05
Epoch 34000 | Loss: 6.953936e-02 | σ: 0.5000 | lr_gen: 6.391979e-05
Epoch 34500 | Loss: 6.657664e-02 | σ: 0.5000 | lr_gen: 6.234157e-05
Epoch 35000 | Loss: 4.551030e-02 | σ: 0.5000 | lr_gen: 6.080231e-05
Epoch 35500 | Loss: 6.778064e-02 | σ: 0.5000 | lr_gen: 5.930106e-05
Epoch 36000 | Loss: 5.848482e-02 | σ: 0.5000 | lr_gen: 5.783687e-05
Epoch 36500 | Loss: 5.568114e-02 | σ: 0.5000 | lr_gen: 5.640884e-05
Epoch 37000 | Loss: 5.968147e-02 | σ: 0.5000 | lr_gen: 5.501607e-05
Epoch 37500 | Loss: 6.750101e-02 | σ: 0.5000 | lr_gen: 5.365768e-05
Epoch 38000 | Loss: 8.825043e-02 | σ: 0.5000 | lr_gen: 5.233284e-05
Epoch 38500 | Loss: 5.323118e-02 | σ: 0.5000 | lr_gen: 5.104070e-05
Epoch 39000 | Loss: 4.985369e-02 | σ: 0.5000 | lr_gen: 4.978047e-05
Epoch 39500 | Loss: 6.402375e-02 | σ: 0.5000 | lr_gen: 4.855136e-05

2. Saving results...

======================================================================
TRAINING SUMMARY
======================================================================

Training:
  Final loss: 5.977214e-02
  Minimum loss: 3.654846e-02 at epoch 29316
  Final σ: 0.500

======================================================================
✓ Training complete! Results saved to 'results_triple_well/'

Saved files:
  1. checkpoint.pth - Trained model and training logs

Run plot_triple_well.py to visualize results and compare with FV solution
======================================================================

======================================================================
Running plotting script...
======================================================================
======================================================================
Triple-Well Potential Visualization
======================================================================

Using device: cuda
Loading trained model...

Running Scharfetter-Gummel finite volume solver...
  CFL (diffusion): 0.7176
  CFL (advection): 11.1639
  Max |drift|: 465.9375
  log(M) range: [-1378.12, -0.00]
Scharfetter-Gummel solver completed: 102 snapshots saved

1. Plotting potential and drift...
Saved: results_triple_well/potential_drift.png

2. Plotting initial condition...
Saved: results_triple_well/initial_condition.png

3. Plotting training diagnostics...
Saved: results_triple_well/training_diagnostics.png

4. Comparing NN vs FV solutions...
Saved: results_triple_well/pdf_comparison.png

5. Plotting time evolution heatmap...
Saved: results_triple_well/time_evolution.png

======================================================================
VISUALIZATION SUMMARY
======================================================================

Comparison (NN vs FV):
  Average L² error: 0.199176
  L² errors at times [0.1, 0.2, 0.5, 0.8, 1.0]:
    t = 0.10: L² = 0.200737
    t = 0.20: L² = 0.155137
    t = 0.50: L² = 0.187921
    t = 0.80: L² = 0.215186
    t = 1.00: L² = 0.236897

======================================================================
✓ All visualizations complete!

Generated plots in 'results_triple_well/':
  1. potential_drift.png - Triple-well potential and drift
  2. initial_condition.png - Mixture Gaussian IC
  3. training_diagnostics.png - Loss, σ, and learning rates
  4. pdf_comparison.png - NN vs FV PDFs at different times
  5. time_evolution.png - Heatmap of density evolution
======================================================================
======================================================================
Triple-Well Potential Visualization
======================================================================

Using device: cuda
Loading trained model...

Running Scharfetter-Gummel finite volume solver...
  CFL (diffusion): 0.7176
  CFL (advection): 11.1639
  Max |drift|: 465.9375
  log(M) range: [-1378.12, -0.00]
Scharfetter-Gummel solver completed: 102 snapshots saved

1. Plotting potential and drift...
Saved: results_triple_well/potential_drift.png

2. Plotting initial condition...
Saved: results_triple_well/initial_condition.png

3. Plotting training diagnostics...
Saved: results_triple_well/training_diagnostics.png

4. Comparing NN vs FV solutions...
Saved: results_triple_well/pdf_comparison.png

5. Plotting time evolution heatmap...
Saved: results_triple_well/time_evolution.png

======================================================================
VISUALIZATION SUMMARY
======================================================================

Comparison (NN vs FV):
  Average L² error: 0.195488
  L² errors at times [0.1, 0.2, 0.5, 0.8, 1.0]:
    t = 0.10: L² = 0.203705
    t = 0.20: L² = 0.149212
    t = 0.50: L² = 0.183902
    t = 0.80: L² = 0.208192
    t = 1.00: L² = 0.232430

======================================================================
✓ All visualizations complete!

Generated plots in 'results_triple_well/':
  1. potential_drift.png - Triple-well potential and drift
  2. initial_condition.png - Mixture Gaussian IC
  3. training_diagnostics.png - Loss, σ, and learning rates
  4. pdf_comparison.png - NN vs FV PDFs at different times
  5. time_evolution.png - Heatmap of density evolution
======================================================================
