Using device: cuda
======================================================================
Time-Dependent 1D Double Well Fokker-Planck
======================================================================
Parameters: σ=0.5, T=1.0
Potential: V(x) = (x² - 1)²
Drift: b(x) = -4x³ + 4x
Initial condition: N(0.0, 1.0)
Training: K=5000 test functions, M=5000 batch size, 200000 epochs
======================================================================
Saved: results_doublewell1d/potential_drift.png

Initializing networks...
Pushforward network parameters: 449
Test functions parameters: 15,000

Starting training...
----------------------------------------------------------------------
Epoch     0/200000, Loss: 0.832158, t=0.5: mean=0.0466, std=1.0166, Time/epoch: 0.157s, ETA: 524.6min
Epoch   500/200000, Loss: 0.781716, t=0.5: mean=-0.0253, std=1.0203, Time/epoch: 0.004s, ETA: 13.0min
Epoch  1000/200000, Loss: 0.873007, t=0.5: mean=0.0287, std=1.0375, Time/epoch: 0.004s, ETA: 12.9min
Epoch  1500/200000, Loss: 0.784920, t=0.5: mean=-0.0368, std=0.9779, Time/epoch: 0.004s, ETA: 12.8min
Epoch  2000/200000, Loss: 0.935912, t=0.5: mean=-0.0200, std=0.9988, Time/epoch: 0.004s, ETA: 12.8min
Epoch  2500/200000, Loss: 0.890367, t=0.5: mean=-0.0285, std=0.9910, Time/epoch: 0.004s, ETA: 12.8min
Epoch  3000/200000, Loss: 0.839481, t=0.5: mean=-0.0118, std=1.0028, Time/epoch: 0.004s, ETA: 12.7min
Epoch  3500/200000, Loss: 0.667142, t=0.5: mean=-0.0566, std=0.9632, Time/epoch: 0.004s, ETA: 12.7min
Epoch  4000/200000, Loss: 0.972363, t=0.5: mean=-0.0014, std=0.9718, Time/epoch: 0.004s, ETA: 12.6min
Epoch  4500/200000, Loss: 0.850041, t=0.5: mean=0.0595, std=1.0286, Time/epoch: 0.004s, ETA: 12.6min
Epoch  5000/200000, Loss: 0.825996, t=0.5: mean=0.0521, std=0.9778, Time/epoch: 0.004s, ETA: 12.6min
Epoch  5500/200000, Loss: 0.884675, t=0.5: mean=-0.0440, std=1.0236, Time/epoch: 0.004s, ETA: 12.6min
Epoch  6000/200000, Loss: 0.900296, t=0.5: mean=0.0452, std=0.9852, Time/epoch: 0.004s, ETA: 12.5min
Epoch  6500/200000, Loss: 0.917405, t=0.5: mean=0.0216, std=0.9978, Time/epoch: 0.004s, ETA: 12.5min
Epoch  7000/200000, Loss: 0.837660, t=0.5: mean=-0.0059, std=1.0004, Time/epoch: 0.004s, ETA: 12.5min
Epoch  7500/200000, Loss: 0.961530, t=0.5: mean=-0.0506, std=0.9819, Time/epoch: 0.004s, ETA: 12.4min
Epoch  8000/200000, Loss: 0.844579, t=0.5: mean=-0.0288, std=0.9471, Time/epoch: 0.004s, ETA: 12.4min
Epoch  8500/200000, Loss: 1.035287, t=0.5: mean=-0.0314, std=1.0013, Time/epoch: 0.004s, ETA: 12.4min
Epoch  9000/200000, Loss: 0.764398, t=0.5: mean=0.0005, std=0.9871, Time/epoch: 0.004s, ETA: 12.3min
Epoch  9500/200000, Loss: 0.897273, t=0.5: mean=0.0092, std=1.0311, Time/epoch: 0.004s, ETA: 12.3min
Epoch 10000/200000, Loss: 0.813096, t=0.5: mean=-0.0128, std=0.9914, Time/epoch: 0.004s, ETA: 12.2min
Epoch 10500/200000, Loss: 0.952903, t=0.5: mean=-0.0228, std=0.9488, Time/epoch: 0.004s, ETA: 12.2min
Epoch 11000/200000, Loss: 0.929260, t=0.5: mean=0.0897, std=0.9941, Time/epoch: 0.004s, ETA: 12.2min
Epoch 11500/200000, Loss: 0.870016, t=0.5: mean=0.0126, std=0.9746, Time/epoch: 0.004s, ETA: 12.0min
Epoch 12000/200000, Loss: 0.851104, t=0.5: mean=-0.0274, std=0.9916, Time/epoch: 0.004s, ETA: 11.5min
Epoch 12500/200000, Loss: 0.893782, t=0.5: mean=0.0030, std=0.9644, Time/epoch: 0.004s, ETA: 11.5min
Epoch 13000/200000, Loss: 0.845339, t=0.5: mean=-0.0477, std=1.0114, Time/epoch: 0.004s, ETA: 11.4min
Epoch 13500/200000, Loss: 0.924988, t=0.5: mean=-0.0292, std=1.0016, Time/epoch: 0.004s, ETA: 11.4min
Epoch 14000/200000, Loss: 0.976772, t=0.5: mean=-0.0197, std=0.9910, Time/epoch: 0.004s, ETA: 11.3min
Epoch 14500/200000, Loss: 0.956648, t=0.5: mean=-0.0007, std=0.9683, Time/epoch: 0.004s, ETA: 11.3min
Epoch 15000/200000, Loss: 0.908504, t=0.5: mean=0.0027, std=1.0056, Time/epoch: 0.004s, ETA: 11.3min
Epoch 15500/200000, Loss: 1.028969, t=0.5: mean=0.0046, std=1.0007, Time/epoch: 0.004s, ETA: 11.3min
Epoch 16000/200000, Loss: 0.847033, t=0.5: mean=-0.0104, std=1.0044, Time/epoch: 0.004s, ETA: 11.3min
Epoch 16500/200000, Loss: 1.014410, t=0.5: mean=0.0176, std=1.0045, Time/epoch: 0.004s, ETA: 11.2min
Epoch 17000/200000, Loss: 0.794960, t=0.5: mean=0.0273, std=0.9889, Time/epoch: 0.004s, ETA: 11.2min
Epoch 17500/200000, Loss: 1.080901, t=0.5: mean=0.0219, std=1.0297, Time/epoch: 0.004s, ETA: 11.2min
Epoch 18000/200000, Loss: 0.913022, t=0.5: mean=0.0003, std=1.0296, Time/epoch: 0.004s, ETA: 11.1min
Epoch 18500/200000, Loss: 0.985893, t=0.5: mean=-0.0283, std=1.0158, Time/epoch: 0.004s, ETA: 11.1min
Epoch 19000/200000, Loss: 1.010321, t=0.5: mean=0.0256, std=0.9988, Time/epoch: 0.004s, ETA: 11.1min
Epoch 19500/200000, Loss: 0.966578, t=0.5: mean=0.0056, std=1.0040, Time/epoch: 0.004s, ETA: 11.1min
Epoch 20000/200000, Loss: 0.939703, t=0.5: mean=0.0136, std=0.9752, Time/epoch: 0.004s, ETA: 11.0min
Epoch 20500/200000, Loss: 0.835806, t=0.5: mean=0.0422, std=0.9749, Time/epoch: 0.004s, ETA: 11.0min
Epoch 21000/200000, Loss: 0.858951, t=0.5: mean=-0.0439, std=0.9750, Time/epoch: 0.004s, ETA: 10.9min
Epoch 21500/200000, Loss: 0.930927, t=0.5: mean=-0.0331, std=1.0135, Time/epoch: 0.004s, ETA: 10.9min
Epoch 22000/200000, Loss: 0.935843, t=0.5: mean=0.0089, std=0.9616, Time/epoch: 0.004s, ETA: 10.9min
Epoch 22500/200000, Loss: 0.886554, t=0.5: mean=-0.0152, std=1.0254, Time/epoch: 0.004s, ETA: 10.9min
Epoch 23000/200000, Loss: 1.108920, t=0.5: mean=-0.0385, std=0.9975, Time/epoch: 0.004s, ETA: 10.8min
Epoch 23500/200000, Loss: 0.989509, t=0.5: mean=-0.0496, std=0.9903, Time/epoch: 0.004s, ETA: 10.8min
Epoch 24000/200000, Loss: 1.075146, t=0.5: mean=-0.0364, std=0.9774, Time/epoch: 0.004s, ETA: 10.8min
Epoch 24500/200000, Loss: 1.087330, t=0.5: mean=0.0312, std=0.9918, Time/epoch: 0.004s, ETA: 10.7min
Epoch 25000/200000, Loss: 0.999322, t=0.5: mean=0.0078, std=1.0266, Time/epoch: 0.004s, ETA: 10.7min
Epoch 25500/200000, Loss: 1.042134, t=0.5: mean=0.0096, std=1.0072, Time/epoch: 0.004s, ETA: 10.7min
Epoch 26000/200000, Loss: 1.086676, t=0.5: mean=-0.0063, std=1.0155, Time/epoch: 0.004s, ETA: 10.7min
Epoch 26500/200000, Loss: 0.943814, t=0.5: mean=-0.0237, std=0.9602, Time/epoch: 0.004s, ETA: 10.6min
Epoch 27000/200000, Loss: 1.004741, t=0.5: mean=-0.0277, std=1.0451, Time/epoch: 0.004s, ETA: 10.6min
Epoch 27500/200000, Loss: 1.021558, t=0.5: mean=-0.0187, std=0.9812, Time/epoch: 0.004s, ETA: 10.6min
Epoch 28000/200000, Loss: 1.069721, t=0.5: mean=0.0376, std=0.9969, Time/epoch: 0.004s, ETA: 10.5min
Epoch 28500/200000, Loss: 0.882330, t=0.5: mean=0.0314, std=1.0141, Time/epoch: 0.004s, ETA: 10.5min
Epoch 29000/200000, Loss: 1.151916, t=0.5: mean=-0.0042, std=1.0137, Time/epoch: 0.004s, ETA: 10.5min
Epoch 29500/200000, Loss: 0.954105, t=0.5: mean=0.0073, std=0.9621, Time/epoch: 0.004s, ETA: 10.4min
Epoch 30000/200000, Loss: 0.926934, t=0.5: mean=-0.0143, std=0.9981, Time/epoch: 0.004s, ETA: 10.4min
Epoch 30500/200000, Loss: 0.991148, t=0.5: mean=0.0165, std=0.9835, Time/epoch: 0.004s, ETA: 10.4min
Epoch 31000/200000, Loss: 0.959604, t=0.5: mean=-0.0113, std=1.0285, Time/epoch: 0.004s, ETA: 10.4min
Epoch 31500/200000, Loss: 1.173664, t=0.5: mean=-0.0423, std=0.9897, Time/epoch: 0.004s, ETA: 10.3min
Epoch 32000/200000, Loss: 1.119777, t=0.5: mean=-0.0519, std=1.0051, Time/epoch: 0.004s, ETA: 10.3min
Epoch 32500/200000, Loss: 1.020547, t=0.5: mean=-0.0264, std=0.9587, Time/epoch: 0.004s, ETA: 10.3min
Epoch 33000/200000, Loss: 0.855916, t=0.5: mean=0.0474, std=1.0118, Time/epoch: 0.004s, ETA: 10.2min
Epoch 33500/200000, Loss: 1.094796, t=0.5: mean=0.0293, std=1.0045, Time/epoch: 0.004s, ETA: 10.2min
Epoch 34000/200000, Loss: 0.990351, t=0.5: mean=0.0199, std=0.9968, Time/epoch: 0.004s, ETA: 10.2min
Epoch 34500/200000, Loss: 0.957719, t=0.5: mean=0.0536, std=1.0023, Time/epoch: 0.004s, ETA: 10.1min
Epoch 35000/200000, Loss: 0.906657, t=0.5: mean=0.0050, std=1.0037, Time/epoch: 0.004s, ETA: 10.1min
Epoch 35500/200000, Loss: 1.117207, t=0.5: mean=-0.0357, std=1.0186, Time/epoch: 0.004s, ETA: 10.1min
Epoch 36000/200000, Loss: 0.998426, t=0.5: mean=-0.0019, std=1.0135, Time/epoch: 0.004s, ETA: 10.0min
Epoch 36500/200000, Loss: 1.071026, t=0.5: mean=-0.0175, std=0.9819, Time/epoch: 0.004s, ETA: 10.0min
Epoch 37000/200000, Loss: 1.223453, t=0.5: mean=0.0409, std=1.0262, Time/epoch: 0.004s, ETA: 10.0min
Epoch 37500/200000, Loss: 1.037645, t=0.5: mean=0.0013, std=0.9713, Time/epoch: 0.004s, ETA: 9.9min
Epoch 38000/200000, Loss: 1.020995, t=0.5: mean=-0.0566, std=0.9692, Time/epoch: 0.004s, ETA: 9.9min
Epoch 38500/200000, Loss: 1.002061, t=0.5: mean=-0.0550, std=0.9979, Time/epoch: 0.004s, ETA: 9.9min
Epoch 39000/200000, Loss: 0.955873, t=0.5: mean=-0.0112, std=1.0150, Time/epoch: 0.004s, ETA: 9.9min
Epoch 39500/200000, Loss: 1.135851, t=0.5: mean=-0.0017, std=1.0363, Time/epoch: 0.004s, ETA: 9.8min
Epoch 40000/200000, Loss: 0.849224, t=0.5: mean=0.0132, std=1.0095, Time/epoch: 0.004s, ETA: 9.8min
Epoch 40500/200000, Loss: 0.956972, t=0.5: mean=-0.0600, std=1.0326, Time/epoch: 0.004s, ETA: 9.8min
Epoch 41000/200000, Loss: 1.068135, t=0.5: mean=0.0336, std=1.0161, Time/epoch: 0.004s, ETA: 9.7min
Epoch 41500/200000, Loss: 1.043764, t=0.5: mean=-0.0326, std=1.0074, Time/epoch: 0.004s, ETA: 9.7min
Epoch 42000/200000, Loss: 1.008992, t=0.5: mean=0.0413, std=1.0000, Time/epoch: 0.004s, ETA: 9.7min
Epoch 42500/200000, Loss: 1.107880, t=0.5: mean=-0.0027, std=1.0155, Time/epoch: 0.004s, ETA: 9.7min
Epoch 43000/200000, Loss: 1.221788, t=0.5: mean=-0.0690, std=0.9777, Time/epoch: 0.004s, ETA: 9.6min
Epoch 43500/200000, Loss: 0.980128, t=0.5: mean=0.0060, std=0.9956, Time/epoch: 0.004s, ETA: 9.6min
Epoch 44000/200000, Loss: 1.078282, t=0.5: mean=-0.0429, std=1.0352, Time/epoch: 0.004s, ETA: 9.6min
Epoch 44500/200000, Loss: 1.042784, t=0.5: mean=-0.0097, std=1.0111, Time/epoch: 0.004s, ETA: 9.5min
Epoch 45000/200000, Loss: 1.012486, t=0.5: mean=0.0013, std=0.9753, Time/epoch: 0.004s, ETA: 9.5min
Epoch 45500/200000, Loss: 1.171062, t=0.5: mean=0.0482, std=0.9430, Time/epoch: 0.004s, ETA: 9.5min
Epoch 46000/200000, Loss: 1.211033, t=0.5: mean=0.0180, std=0.9959, Time/epoch: 0.004s, ETA: 9.4min
Epoch 46500/200000, Loss: 1.155971, t=0.5: mean=-0.0421, std=1.0001, Time/epoch: 0.004s, ETA: 9.4min
Epoch 47000/200000, Loss: 1.283502, t=0.5: mean=0.0120, std=0.9758, Time/epoch: 0.004s, ETA: 9.4min
Epoch 47500/200000, Loss: 1.131551, t=0.5: mean=-0.0063, std=0.9841, Time/epoch: 0.004s, ETA: 9.3min
Epoch 48000/200000, Loss: 0.998683, t=0.5: mean=0.0233, std=1.0226, Time/epoch: 0.004s, ETA: 9.3min
Epoch 48500/200000, Loss: 1.091281, t=0.5: mean=-0.0201, std=0.9726, Time/epoch: 0.004s, ETA: 9.3min
Epoch 49000/200000, Loss: 1.144874, t=0.5: mean=-0.0388, std=1.0395, Time/epoch: 0.004s, ETA: 9.2min
Epoch 49500/200000, Loss: 1.087002, t=0.5: mean=0.0134, std=0.9949, Time/epoch: 0.004s, ETA: 9.2min
Epoch 50000/200000, Loss: 1.241349, t=0.5: mean=0.0327, std=1.0208, Time/epoch: 0.004s, ETA: 9.2min
Epoch 50500/200000, Loss: 1.016810, t=0.5: mean=-0.0004, std=0.9885, Time/epoch: 0.004s, ETA: 9.2min
Epoch 51000/200000, Loss: 1.162870, t=0.5: mean=-0.0435, std=1.0192, Time/epoch: 0.004s, ETA: 9.1min
Epoch 51500/200000, Loss: 0.962337, t=0.5: mean=0.0417, std=0.9787, Time/epoch: 0.004s, ETA: 9.1min
Epoch 52000/200000, Loss: 1.193760, t=0.5: mean=-0.0434, std=0.9843, Time/epoch: 0.004s, ETA: 9.1min
Epoch 52500/200000, Loss: 1.253629, t=0.5: mean=0.0405, std=1.0166, Time/epoch: 0.004s, ETA: 9.0min
Epoch 53000/200000, Loss: 1.170803, t=0.5: mean=-0.0354, std=1.0092, Time/epoch: 0.004s, ETA: 9.0min
Epoch 53500/200000, Loss: 1.122660, t=0.5: mean=-0.0363, std=1.0409, Time/epoch: 0.004s, ETA: 9.0min
Epoch 54000/200000, Loss: 1.266222, t=0.5: mean=0.0206, std=1.0070, Time/epoch: 0.004s, ETA: 8.9min
Epoch 54500/200000, Loss: 1.289609, t=0.5: mean=-0.0390, std=0.9846, Time/epoch: 0.004s, ETA: 8.9min
Epoch 55000/200000, Loss: 1.397646, t=0.5: mean=-0.0319, std=0.9934, Time/epoch: 0.004s, ETA: 8.9min
Epoch 55500/200000, Loss: 1.313846, t=0.5: mean=0.0392, std=1.0178, Time/epoch: 0.004s, ETA: 8.9min
Epoch 56000/200000, Loss: 1.129927, t=0.5: mean=-0.0639, std=1.0179, Time/epoch: 0.004s, ETA: 8.8min
Epoch 56500/200000, Loss: 1.057635, t=0.5: mean=-0.0180, std=1.0336, Time/epoch: 0.004s, ETA: 8.8min
Epoch 57000/200000, Loss: 1.073220, t=0.5: mean=0.0039, std=1.0317, Time/epoch: 0.004s, ETA: 8.8min
Epoch 57500/200000, Loss: 1.039636, t=0.5: mean=0.0790, std=1.0022, Time/epoch: 0.004s, ETA: 8.7min
Epoch 58000/200000, Loss: 1.212508, t=0.5: mean=0.0173, std=0.9967, Time/epoch: 0.004s, ETA: 8.7min
Epoch 58500/200000, Loss: 1.063307, t=0.5: mean=0.0661, std=0.9990, Time/epoch: 0.004s, ETA: 8.7min
Epoch 59000/200000, Loss: 1.162300, t=0.5: mean=-0.0566, std=0.9923, Time/epoch: 0.004s, ETA: 8.6min
Epoch 59500/200000, Loss: 1.238535, t=0.5: mean=0.0025, std=0.9696, Time/epoch: 0.004s, ETA: 8.6min
Epoch 60000/200000, Loss: 1.092959, t=0.5: mean=0.0293, std=1.0326, Time/epoch: 0.004s, ETA: 8.6min
Epoch 60500/200000, Loss: 1.131763, t=0.5: mean=-0.0308, std=0.9790, Time/epoch: 0.004s, ETA: 8.5min
Epoch 61000/200000, Loss: 0.986133, t=0.5: mean=-0.0407, std=1.0065, Time/epoch: 0.004s, ETA: 8.5min
Epoch 61500/200000, Loss: 1.123970, t=0.5: mean=-0.0376, std=1.0216, Time/epoch: 0.004s, ETA: 8.5min
Epoch 62000/200000, Loss: 1.376387, t=0.5: mean=-0.0221, std=1.0408, Time/epoch: 0.004s, ETA: 8.5min
Epoch 62500/200000, Loss: 1.265042, t=0.5: mean=-0.0336, std=1.0125, Time/epoch: 0.004s, ETA: 8.4min
Epoch 63000/200000, Loss: 1.050867, t=0.5: mean=0.0217, std=1.0098, Time/epoch: 0.004s, ETA: 8.4min
Epoch 63500/200000, Loss: 1.083550, t=0.5: mean=-0.0191, std=1.0117, Time/epoch: 0.004s, ETA: 8.3min
Epoch 64000/200000, Loss: 1.279663, t=0.5: mean=0.0568, std=1.0180, Time/epoch: 0.004s, ETA: 8.3min
Epoch 64500/200000, Loss: 1.229675, t=0.5: mean=0.0549, std=0.9835, Time/epoch: 0.004s, ETA: 8.3min
Epoch 65000/200000, Loss: 1.170134, t=0.5: mean=-0.0086, std=1.0100, Time/epoch: 0.004s, ETA: 8.3min
Epoch 65500/200000, Loss: 1.391924, t=0.5: mean=-0.0228, std=0.9869, Time/epoch: 0.004s, ETA: 8.2min
Epoch 66000/200000, Loss: 1.039424, t=0.5: mean=-0.0391, std=1.0332, Time/epoch: 0.004s, ETA: 8.2min
Epoch 66500/200000, Loss: 1.203074, t=0.5: mean=0.0358, std=0.9965, Time/epoch: 0.004s, ETA: 8.2min
Epoch 67000/200000, Loss: 1.298573, t=0.5: mean=0.0207, std=1.0266, Time/epoch: 0.004s, ETA: 8.1min
Epoch 67500/200000, Loss: 1.059037, t=0.5: mean=0.0909, std=0.9639, Time/epoch: 0.004s, ETA: 8.1min
Epoch 68000/200000, Loss: 1.305493, t=0.5: mean=-0.0301, std=1.0418, Time/epoch: 0.004s, ETA: 8.1min
Epoch 68500/200000, Loss: 1.203127, t=0.5: mean=-0.0139, std=0.9550, Time/epoch: 0.004s, ETA: 8.0min
Epoch 69000/200000, Loss: 1.405227, t=0.5: mean=0.0026, std=0.9624, Time/epoch: 0.004s, ETA: 8.0min
Epoch 69500/200000, Loss: 1.166531, t=0.5: mean=-0.0381, std=0.9950, Time/epoch: 0.004s, ETA: 8.0min
Epoch 70000/200000, Loss: 1.182330, t=0.5: mean=0.0119, std=0.9557, Time/epoch: 0.004s, ETA: 8.0min
Epoch 70500/200000, Loss: 1.111770, t=0.5: mean=-0.0023, std=0.9797, Time/epoch: 0.004s, ETA: 7.9min
Epoch 71000/200000, Loss: 1.127283, t=0.5: mean=0.0046, std=0.9933, Time/epoch: 0.004s, ETA: 7.9min
Epoch 71500/200000, Loss: 1.118841, t=0.5: mean=-0.0224, std=0.9879, Time/epoch: 0.004s, ETA: 7.9min
Epoch 72000/200000, Loss: 1.409725, t=0.5: mean=-0.0538, std=0.9917, Time/epoch: 0.004s, ETA: 7.8min
Epoch 72500/200000, Loss: 1.167851, t=0.5: mean=0.0039, std=1.0055, Time/epoch: 0.004s, ETA: 7.8min
Epoch 73000/200000, Loss: 1.200107, t=0.5: mean=0.0217, std=1.0291, Time/epoch: 0.004s, ETA: 7.8min
Epoch 73500/200000, Loss: 1.234846, t=0.5: mean=-0.0247, std=0.9905, Time/epoch: 0.004s, ETA: 7.7min
Epoch 74000/200000, Loss: 1.188491, t=0.5: mean=-0.0051, std=1.0058, Time/epoch: 0.004s, ETA: 7.7min
Epoch 74500/200000, Loss: 1.302232, t=0.5: mean=0.0596, std=1.0189, Time/epoch: 0.004s, ETA: 7.7min
Epoch 75000/200000, Loss: 1.164736, t=0.5: mean=-0.0179, std=1.0056, Time/epoch: 0.004s, ETA: 7.7min
Epoch 75500/200000, Loss: 1.310540, t=0.5: mean=0.0329, std=0.9655, Time/epoch: 0.004s, ETA: 7.6min
Epoch 76000/200000, Loss: 1.366030, t=0.5: mean=-0.0407, std=0.9987, Time/epoch: 0.004s, ETA: 7.6min
Epoch 76500/200000, Loss: 1.288883, t=0.5: mean=-0.0025, std=1.0141, Time/epoch: 0.004s, ETA: 7.5min
Epoch 77000/200000, Loss: 1.367192, t=0.5: mean=0.0335, std=0.9883, Time/epoch: 0.004s, ETA: 7.5min
Epoch 77500/200000, Loss: 1.248532, t=0.5: mean=0.0015, std=1.0102, Time/epoch: 0.004s, ETA: 7.5min
Epoch 78000/200000, Loss: 1.199561, t=0.5: mean=-0.0082, std=0.9375, Time/epoch: 0.004s, ETA: 7.5min
Epoch 78500/200000, Loss: 1.367252, t=0.5: mean=0.0354, std=0.9914, Time/epoch: 0.004s, ETA: 7.4min
Epoch 79000/200000, Loss: 1.276978, t=0.5: mean=-0.0204, std=1.0111, Time/epoch: 0.004s, ETA: 7.4min
Epoch 79500/200000, Loss: 1.330997, t=0.5: mean=-0.0651, std=1.0098, Time/epoch: 0.004s, ETA: 7.4min
Epoch 80000/200000, Loss: 1.271594, t=0.5: mean=0.0010, std=0.9726, Time/epoch: 0.004s, ETA: 7.3min
Epoch 80500/200000, Loss: 1.343279, t=0.5: mean=-0.0304, std=0.9950, Time/epoch: 0.004s, ETA: 7.3min
Epoch 81000/200000, Loss: 1.619664, t=0.5: mean=0.0583, std=1.0173, Time/epoch: 0.004s, ETA: 7.3min
Epoch 81500/200000, Loss: 1.208211, t=0.5: mean=-0.0340, std=1.0072, Time/epoch: 0.004s, ETA: 7.3min
Epoch 82000/200000, Loss: 1.612517, t=0.5: mean=-0.0038, std=0.9471, Time/epoch: 0.004s, ETA: 7.2min
Epoch 82500/200000, Loss: 1.231387, t=0.5: mean=0.0051, std=0.9990, Time/epoch: 0.004s, ETA: 7.2min
Epoch 83000/200000, Loss: 1.292929, t=0.5: mean=-0.0227, std=1.0051, Time/epoch: 0.004s, ETA: 7.2min
Epoch 83500/200000, Loss: 1.229348, t=0.5: mean=-0.0183, std=1.0147, Time/epoch: 0.004s, ETA: 7.1min
Epoch 84000/200000, Loss: 1.382580, t=0.5: mean=0.0057, std=1.0194, Time/epoch: 0.004s, ETA: 7.1min
Epoch 84500/200000, Loss: 1.263426, t=0.5: mean=0.0392, std=1.0272, Time/epoch: 0.004s, ETA: 7.1min
Epoch 85000/200000, Loss: 1.400582, t=0.5: mean=0.0126, std=1.0147, Time/epoch: 0.004s, ETA: 7.0min
Epoch 85500/200000, Loss: 1.382454, t=0.5: mean=-0.0209, std=0.9979, Time/epoch: 0.004s, ETA: 7.0min
Epoch 86000/200000, Loss: 1.350887, t=0.5: mean=-0.0093, std=1.0108, Time/epoch: 0.004s, ETA: 7.0min
Epoch 86500/200000, Loss: 1.513668, t=0.5: mean=-0.0402, std=1.0069, Time/epoch: 0.004s, ETA: 7.0min
Epoch 87000/200000, Loss: 1.502093, t=0.5: mean=0.0230, std=0.9955, Time/epoch: 0.004s, ETA: 6.9min
Epoch 87500/200000, Loss: 1.372137, t=0.5: mean=-0.0187, std=0.9875, Time/epoch: 0.004s, ETA: 6.9min
Epoch 88000/200000, Loss: 1.237603, t=0.5: mean=0.0208, std=0.9564, Time/epoch: 0.004s, ETA: 6.9min
Epoch 88500/200000, Loss: 1.401040, t=0.5: mean=-0.0247, std=0.9893, Time/epoch: 0.004s, ETA: 6.8min
Epoch 89000/200000, Loss: 1.296263, t=0.5: mean=-0.0218, std=0.9870, Time/epoch: 0.004s, ETA: 6.8min
Epoch 89500/200000, Loss: 1.148838, t=0.5: mean=-0.0317, std=0.9933, Time/epoch: 0.004s, ETA: 6.8min
Epoch 90000/200000, Loss: 1.323183, t=0.5: mean=0.0644, std=1.0221, Time/epoch: 0.004s, ETA: 6.7min
Epoch 90500/200000, Loss: 1.116733, t=0.5: mean=0.0404, std=1.0328, Time/epoch: 0.004s, ETA: 6.7min
Epoch 91000/200000, Loss: 1.200066, t=0.5: mean=0.0384, std=1.0054, Time/epoch: 0.004s, ETA: 6.7min
Epoch 91500/200000, Loss: 1.296269, t=0.5: mean=0.0050, std=0.9972, Time/epoch: 0.004s, ETA: 6.7min
Epoch 92000/200000, Loss: 1.243581, t=0.5: mean=0.0680, std=1.0248, Time/epoch: 0.004s, ETA: 6.6min
Epoch 92500/200000, Loss: 1.382257, t=0.5: mean=0.0174, std=0.9781, Time/epoch: 0.004s, ETA: 6.6min
Epoch 93000/200000, Loss: 1.300252, t=0.5: mean=-0.0301, std=1.0090, Time/epoch: 0.004s, ETA: 6.6min
Epoch 93500/200000, Loss: 1.303701, t=0.5: mean=0.0181, std=0.9886, Time/epoch: 0.004s, ETA: 6.5min
Epoch 94000/200000, Loss: 1.329520, t=0.5: mean=-0.0121, std=0.9567, Time/epoch: 0.004s, ETA: 6.5min
Epoch 94500/200000, Loss: 1.451883, t=0.5: mean=-0.0317, std=1.0036, Time/epoch: 0.004s, ETA: 6.5min
Epoch 95000/200000, Loss: 1.204610, t=0.5: mean=-0.0296, std=1.0521, Time/epoch: 0.004s, ETA: 6.4min
Epoch 95500/200000, Loss: 1.389230, t=0.5: mean=0.0024, std=0.9683, Time/epoch: 0.004s, ETA: 6.4min
Epoch 96000/200000, Loss: 1.286873, t=0.5: mean=-0.0019, std=0.9956, Time/epoch: 0.004s, ETA: 6.4min
Epoch 96500/200000, Loss: 1.299471, t=0.5: mean=-0.0041, std=1.0384, Time/epoch: 0.004s, ETA: 6.3min
Epoch 97000/200000, Loss: 1.427715, t=0.5: mean=0.0075, std=0.9698, Time/epoch: 0.004s, ETA: 6.3min
Epoch 97500/200000, Loss: 1.319896, t=0.5: mean=0.0002, std=0.9700, Time/epoch: 0.004s, ETA: 6.3min
Epoch 98000/200000, Loss: 1.438659, t=0.5: mean=0.0084, std=0.9679, Time/epoch: 0.004s, ETA: 6.2min
Epoch 98500/200000, Loss: 1.261027, t=0.5: mean=0.0115, std=1.0022, Time/epoch: 0.004s, ETA: 6.2min
Epoch 99000/200000, Loss: 1.359143, t=0.5: mean=-0.0049, std=1.0049, Time/epoch: 0.004s, ETA: 6.2min
Epoch 99500/200000, Loss: 1.428433, t=0.5: mean=-0.0336, std=1.0284, Time/epoch: 0.004s, ETA: 6.2min
Epoch 100000/200000, Loss: 1.332747, t=0.5: mean=-0.0231, std=1.0096, Time/epoch: 0.004s, ETA: 6.1min
Epoch 100500/200000, Loss: 1.463274, t=0.5: mean=0.0033, std=0.9831, Time/epoch: 0.004s, ETA: 6.1min
Epoch 101000/200000, Loss: 1.200239, t=0.5: mean=-0.0211, std=0.9774, Time/epoch: 0.004s, ETA: 6.1min
Epoch 101500/200000, Loss: 1.620686, t=0.5: mean=0.0094, std=0.9776, Time/epoch: 0.004s, ETA: 6.0min
Epoch 102000/200000, Loss: 1.297199, t=0.5: mean=0.0352, std=0.9996, Time/epoch: 0.004s, ETA: 6.0min
Epoch 102500/200000, Loss: 1.420122, t=0.5: mean=0.0387, std=0.9712, Time/epoch: 0.004s, ETA: 6.0min
Epoch 103000/200000, Loss: 1.467038, t=0.5: mean=0.0102, std=1.0343, Time/epoch: 0.004s, ETA: 5.9min
Epoch 103500/200000, Loss: 1.251558, t=0.5: mean=0.0255, std=1.0197, Time/epoch: 0.004s, ETA: 5.9min
Epoch 104000/200000, Loss: 1.382210, t=0.5: mean=0.0071, std=1.0079, Time/epoch: 0.004s, ETA: 5.9min
Epoch 104500/200000, Loss: 1.577710, t=0.5: mean=0.0051, std=0.9844, Time/epoch: 0.004s, ETA: 5.8min
Epoch 105000/200000, Loss: 1.321001, t=0.5: mean=0.0014, std=0.9670, Time/epoch: 0.004s, ETA: 5.8min
Epoch 105500/200000, Loss: 1.534591, t=0.5: mean=0.0154, std=0.9963, Time/epoch: 0.004s, ETA: 5.8min
Epoch 106000/200000, Loss: 1.622031, t=0.5: mean=-0.0075, std=1.0118, Time/epoch: 0.004s, ETA: 5.8min
Epoch 106500/200000, Loss: 1.617066, t=0.5: mean=-0.0257, std=0.9799, Time/epoch: 0.004s, ETA: 5.7min
Epoch 107000/200000, Loss: 1.482000, t=0.5: mean=0.0039, std=1.0124, Time/epoch: 0.004s, ETA: 5.7min
Epoch 107500/200000, Loss: 1.529148, t=0.5: mean=-0.0001, std=0.9914, Time/epoch: 0.004s, ETA: 5.7min
Epoch 108000/200000, Loss: 1.420845, t=0.5: mean=0.0093, std=1.0136, Time/epoch: 0.004s, ETA: 5.6min
Epoch 108500/200000, Loss: 1.298063, t=0.5: mean=-0.0042, std=0.9900, Time/epoch: 0.004s, ETA: 5.6min
Epoch 109000/200000, Loss: 1.621774, t=0.5: mean=0.0614, std=1.0158, Time/epoch: 0.004s, ETA: 5.6min
Epoch 109500/200000, Loss: 1.663223, t=0.5: mean=-0.0111, std=1.0183, Time/epoch: 0.004s, ETA: 5.5min
Epoch 110000/200000, Loss: 1.550283, t=0.5: mean=-0.0445, std=1.0021, Time/epoch: 0.004s, ETA: 5.5min
Epoch 110500/200000, Loss: 1.374967, t=0.5: mean=0.0088, std=0.9923, Time/epoch: 0.004s, ETA: 5.5min
Epoch 111000/200000, Loss: 1.479640, t=0.5: mean=0.0718, std=1.0094, Time/epoch: 0.004s, ETA: 5.5min
Epoch 111500/200000, Loss: 1.447717, t=0.5: mean=-0.0480, std=0.9802, Time/epoch: 0.004s, ETA: 5.4min
Epoch 112000/200000, Loss: 1.385781, t=0.5: mean=0.0171, std=0.9787, Time/epoch: 0.004s, ETA: 5.4min
Epoch 112500/200000, Loss: 1.490651, t=0.5: mean=0.0468, std=0.9992, Time/epoch: 0.004s, ETA: 5.4min
Epoch 113000/200000, Loss: 1.558874, t=0.5: mean=0.0298, std=1.0135, Time/epoch: 0.004s, ETA: 5.3min
Epoch 113500/200000, Loss: 1.757097, t=0.5: mean=0.0112, std=0.9923, Time/epoch: 0.004s, ETA: 5.3min
Epoch 114000/200000, Loss: 1.511591, t=0.5: mean=0.0031, std=1.0041, Time/epoch: 0.004s, ETA: 5.3min
Epoch 114500/200000, Loss: 1.343248, t=0.5: mean=0.0302, std=0.9706, Time/epoch: 0.004s, ETA: 5.2min
Epoch 115000/200000, Loss: 1.325441, t=0.5: mean=0.0027, std=0.9871, Time/epoch: 0.004s, ETA: 5.2min
Epoch 115500/200000, Loss: 1.392503, t=0.5: mean=-0.0247, std=0.9933, Time/epoch: 0.004s, ETA: 5.2min
Epoch 116000/200000, Loss: 1.270015, t=0.5: mean=0.0455, std=0.9918, Time/epoch: 0.004s, ETA: 5.1min
Epoch 116500/200000, Loss: 1.506089, t=0.5: mean=-0.0007, std=0.9669, Time/epoch: 0.004s, ETA: 5.1min
Epoch 117000/200000, Loss: 1.554012, t=0.5: mean=-0.0051, std=1.0549, Time/epoch: 0.004s, ETA: 5.1min
Epoch 117500/200000, Loss: 1.377358, t=0.5: mean=-0.0397, std=0.9890, Time/epoch: 0.004s, ETA: 5.0min
Epoch 118000/200000, Loss: 1.389890, t=0.5: mean=0.0215, std=1.0094, Time/epoch: 0.004s, ETA: 5.0min
Epoch 118500/200000, Loss: 1.539500, t=0.5: mean=0.0059, std=1.0272, Time/epoch: 0.004s, ETA: 5.0min
Epoch 119000/200000, Loss: 1.387384, t=0.5: mean=-0.0161, std=0.9844, Time/epoch: 0.004s, ETA: 4.9min
Epoch 119500/200000, Loss: 1.493474, t=0.5: mean=0.0088, std=0.9818, Time/epoch: 0.004s, ETA: 4.9min
Epoch 120000/200000, Loss: 1.371569, t=0.5: mean=0.0104, std=1.0239, Time/epoch: 0.004s, ETA: 4.9min
Epoch 120500/200000, Loss: 1.509007, t=0.5: mean=0.0255, std=0.9707, Time/epoch: 0.004s, ETA: 4.9min
Epoch 121000/200000, Loss: 1.446551, t=0.5: mean=-0.0393, std=1.0137, Time/epoch: 0.004s, ETA: 4.8min
Epoch 121500/200000, Loss: 1.659686, t=0.5: mean=-0.0491, std=1.0121, Time/epoch: 0.004s, ETA: 4.8min
Epoch 122000/200000, Loss: 1.769647, t=0.5: mean=-0.0389, std=1.0064, Time/epoch: 0.004s, ETA: 4.8min
Epoch 122500/200000, Loss: 1.463125, t=0.5: mean=0.0179, std=1.0147, Time/epoch: 0.004s, ETA: 4.7min
Epoch 123000/200000, Loss: 1.640821, t=0.5: mean=0.0053, std=1.0085, Time/epoch: 0.004s, ETA: 4.7min
Epoch 123500/200000, Loss: 1.543969, t=0.5: mean=-0.0452, std=0.9702, Time/epoch: 0.004s, ETA: 4.7min
Epoch 124000/200000, Loss: 1.367833, t=0.5: mean=-0.0170, std=0.9834, Time/epoch: 0.004s, ETA: 4.6min
Epoch 124500/200000, Loss: 1.505165, t=0.5: mean=-0.0426, std=1.0045, Time/epoch: 0.004s, ETA: 4.6min
Epoch 125000/200000, Loss: 1.496638, t=0.5: mean=-0.0182, std=0.9848, Time/epoch: 0.004s, ETA: 4.6min
Epoch 125500/200000, Loss: 1.664886, t=0.5: mean=0.0033, std=0.9952, Time/epoch: 0.004s, ETA: 4.5min
Epoch 126000/200000, Loss: 1.571709, t=0.5: mean=-0.0339, std=0.9912, Time/epoch: 0.004s, ETA: 4.5min
Epoch 126500/200000, Loss: 1.569386, t=0.5: mean=-0.0578, std=0.9892, Time/epoch: 0.004s, ETA: 4.5min
Epoch 127000/200000, Loss: 1.338764, t=0.5: mean=-0.0572, std=1.0109, Time/epoch: 0.004s, ETA: 4.5min
Epoch 127500/200000, Loss: 1.676599, t=0.5: mean=-0.0188, std=0.9720, Time/epoch: 0.004s, ETA: 4.4min
Epoch 128000/200000, Loss: 1.649336, t=0.5: mean=0.0204, std=1.0121, Time/epoch: 0.004s, ETA: 4.4min
Epoch 128500/200000, Loss: 1.513697, t=0.5: mean=-0.0217, std=0.9666, Time/epoch: 0.004s, ETA: 4.4min
Epoch 129000/200000, Loss: 1.359944, t=0.5: mean=-0.0451, std=0.9899, Time/epoch: 0.004s, ETA: 4.3min
Epoch 129500/200000, Loss: 1.593733, t=0.5: mean=0.0348, std=0.9883, Time/epoch: 0.004s, ETA: 4.3min
Epoch 130000/200000, Loss: 1.564205, t=0.5: mean=0.0437, std=0.9485, Time/epoch: 0.004s, ETA: 4.3min
Epoch 130500/200000, Loss: 1.542713, t=0.5: mean=0.0062, std=1.0176, Time/epoch: 0.004s, ETA: 4.2min
Epoch 131000/200000, Loss: 1.616527, t=0.5: mean=-0.0139, std=1.0177, Time/epoch: 0.004s, ETA: 4.2min
Epoch 131500/200000, Loss: 1.735652, t=0.5: mean=-0.0293, std=0.9935, Time/epoch: 0.004s, ETA: 4.2min
Epoch 132000/200000, Loss: 1.612330, t=0.5: mean=-0.0316, std=1.0095, Time/epoch: 0.004s, ETA: 4.2min
Epoch 132500/200000, Loss: 1.716139, t=0.5: mean=-0.0033, std=0.9943, Time/epoch: 0.004s, ETA: 4.1min
Epoch 133000/200000, Loss: 1.474953, t=0.5: mean=0.0376, std=1.0239, Time/epoch: 0.004s, ETA: 4.1min
Epoch 133500/200000, Loss: 1.562212, t=0.5: mean=0.0168, std=1.0064, Time/epoch: 0.004s, ETA: 4.1min
Epoch 134000/200000, Loss: 1.699512, t=0.5: mean=0.0284, std=0.9816, Time/epoch: 0.004s, ETA: 4.0min
Epoch 134500/200000, Loss: 1.430229, t=0.5: mean=0.0040, std=1.0176, Time/epoch: 0.004s, ETA: 4.0min
Epoch 135000/200000, Loss: 1.829831, t=0.5: mean=0.0180, std=1.0132, Time/epoch: 0.004s, ETA: 4.0min
Epoch 135500/200000, Loss: 1.647456, t=0.5: mean=-0.0478, std=1.0143, Time/epoch: 0.004s, ETA: 3.9min
Epoch 136000/200000, Loss: 1.816298, t=0.5: mean=-0.0170, std=0.9978, Time/epoch: 0.004s, ETA: 3.9min
Epoch 136500/200000, Loss: 1.872603, t=0.5: mean=0.1027, std=0.9819, Time/epoch: 0.004s, ETA: 3.9min
Epoch 137000/200000, Loss: 1.557896, t=0.5: mean=0.0057, std=1.0069, Time/epoch: 0.004s, ETA: 3.8min
Epoch 137500/200000, Loss: 1.553128, t=0.5: mean=-0.0535, std=1.0252, Time/epoch: 0.004s, ETA: 3.8min
Epoch 138000/200000, Loss: 1.536883, t=0.5: mean=-0.0275, std=1.0286, Time/epoch: 0.004s, ETA: 3.8min
Epoch 138500/200000, Loss: 1.468455, t=0.5: mean=-0.0099, std=1.0069, Time/epoch: 0.004s, ETA: 3.8min
Epoch 139000/200000, Loss: 1.733386, t=0.5: mean=-0.0543, std=0.9425, Time/epoch: 0.004s, ETA: 3.7min
Epoch 139500/200000, Loss: 1.687800, t=0.5: mean=-0.0279, std=1.0291, Time/epoch: 0.004s, ETA: 3.7min
Epoch 140000/200000, Loss: 1.738443, t=0.5: mean=-0.0219, std=0.9974, Time/epoch: 0.004s, ETA: 3.7min
Epoch 140500/200000, Loss: 1.539259, t=0.5: mean=0.0827, std=1.0020, Time/epoch: 0.004s, ETA: 3.6min
Epoch 141000/200000, Loss: 1.650905, t=0.5: mean=0.0532, std=1.0242, Time/epoch: 0.004s, ETA: 3.6min
Epoch 141500/200000, Loss: 1.693768, t=0.5: mean=0.0447, std=0.9521, Time/epoch: 0.004s, ETA: 3.6min
Epoch 142000/200000, Loss: 1.769068, t=0.5: mean=0.0283, std=0.9763, Time/epoch: 0.004s, ETA: 3.5min
Epoch 142500/200000, Loss: 1.546728, t=0.5: mean=-0.0266, std=1.0047, Time/epoch: 0.004s, ETA: 3.5min
Epoch 143000/200000, Loss: 1.360375, t=0.5: mean=-0.0179, std=0.9887, Time/epoch: 0.004s, ETA: 3.5min
Epoch 143500/200000, Loss: 1.644533, t=0.5: mean=0.0085, std=0.9906, Time/epoch: 0.004s, ETA: 3.4min
Epoch 144000/200000, Loss: 1.896879, t=0.5: mean=0.0112, std=1.0185, Time/epoch: 0.004s, ETA: 3.4min
Epoch 144500/200000, Loss: 1.633073, t=0.5: mean=-0.0378, std=0.9731, Time/epoch: 0.004s, ETA: 3.4min
Epoch 145000/200000, Loss: 1.766296, t=0.5: mean=-0.0086, std=1.0523, Time/epoch: 0.004s, ETA: 3.4min
Epoch 145500/200000, Loss: 1.694740, t=0.5: mean=-0.0113, std=0.9726, Time/epoch: 0.004s, ETA: 3.3min
Epoch 146000/200000, Loss: 1.730222, t=0.5: mean=-0.0383, std=1.0114, Time/epoch: 0.004s, ETA: 3.3min
Epoch 146500/200000, Loss: 1.831041, t=0.5: mean=-0.0510, std=1.0083, Time/epoch: 0.004s, ETA: 3.3min
Epoch 147000/200000, Loss: 1.774157, t=0.5: mean=0.0496, std=0.9887, Time/epoch: 0.004s, ETA: 3.2min
Epoch 147500/200000, Loss: 1.695881, t=0.5: mean=-0.0123, std=0.9873, Time/epoch: 0.004s, ETA: 3.2min
Epoch 148000/200000, Loss: 1.525978, t=0.5: mean=-0.0159, std=0.9757, Time/epoch: 0.004s, ETA: 3.2min
Epoch 148500/200000, Loss: 1.633717, t=0.5: mean=-0.0184, std=1.0063, Time/epoch: 0.004s, ETA: 3.2min
Epoch 149000/200000, Loss: 1.700749, t=0.5: mean=-0.0247, std=0.9875, Time/epoch: 0.004s, ETA: 3.1min
Epoch 149500/200000, Loss: 1.828361, t=0.5: mean=-0.0032, std=1.0259, Time/epoch: 0.004s, ETA: 3.1min
Epoch 150000/200000, Loss: 1.483287, t=0.5: mean=-0.0003, std=1.0282, Time/epoch: 0.004s, ETA: 3.1min
Epoch 150500/200000, Loss: 1.469223, t=0.5: mean=0.0329, std=0.9854, Time/epoch: 0.004s, ETA: 3.0min
Epoch 151000/200000, Loss: 1.662257, t=0.5: mean=0.0190, std=1.0068, Time/epoch: 0.004s, ETA: 3.0min
Epoch 151500/200000, Loss: 1.641249, t=0.5: mean=-0.0433, std=0.9999, Time/epoch: 0.004s, ETA: 3.0min
Epoch 152000/200000, Loss: 1.785349, t=0.5: mean=-0.0185, std=1.0136, Time/epoch: 0.004s, ETA: 2.9min
Epoch 152500/200000, Loss: 1.795966, t=0.5: mean=0.0384, std=0.9883, Time/epoch: 0.004s, ETA: 2.9min
Epoch 153000/200000, Loss: 1.845276, t=0.5: mean=0.0219, std=1.0344, Time/epoch: 0.004s, ETA: 2.9min
Epoch 153500/200000, Loss: 1.821027, t=0.5: mean=-0.0023, std=1.0113, Time/epoch: 0.004s, ETA: 2.8min
Epoch 154000/200000, Loss: 1.771744, t=0.5: mean=-0.0450, std=0.9999, Time/epoch: 0.004s, ETA: 2.8min
Epoch 154500/200000, Loss: 1.681306, t=0.5: mean=0.0207, std=1.0034, Time/epoch: 0.004s, ETA: 2.8min
Epoch 155000/200000, Loss: 1.710140, t=0.5: mean=-0.0627, std=1.0016, Time/epoch: 0.004s, ETA: 2.8min
Epoch 155500/200000, Loss: 1.800316, t=0.5: mean=-0.0061, std=0.9888, Time/epoch: 0.004s, ETA: 2.7min
Epoch 156000/200000, Loss: 2.023277, t=0.5: mean=-0.0112, std=0.9927, Time/epoch: 0.004s, ETA: 2.7min
Epoch 156500/200000, Loss: 1.643093, t=0.5: mean=0.0804, std=1.0144, Time/epoch: 0.004s, ETA: 2.7min
Epoch 157000/200000, Loss: 1.692701, t=0.5: mean=-0.0167, std=1.0386, Time/epoch: 0.004s, ETA: 2.6min
Epoch 157500/200000, Loss: 1.976345, t=0.5: mean=-0.0098, std=0.9955, Time/epoch: 0.004s, ETA: 2.6min
Epoch 158000/200000, Loss: 1.925968, t=0.5: mean=-0.0044, std=0.9761, Time/epoch: 0.004s, ETA: 2.6min
Epoch 158500/200000, Loss: 1.652484, t=0.5: mean=-0.0026, std=0.9599, Time/epoch: 0.004s, ETA: 2.5min
Epoch 159000/200000, Loss: 2.032372, t=0.5: mean=-0.0088, std=1.0376, Time/epoch: 0.004s, ETA: 2.5min
Epoch 159500/200000, Loss: 1.772552, t=0.5: mean=0.0231, std=0.9893, Time/epoch: 0.004s, ETA: 2.5min
Epoch 160000/200000, Loss: 1.750704, t=0.5: mean=-0.0365, std=1.0320, Time/epoch: 0.004s, ETA: 2.4min
Epoch 160500/200000, Loss: 1.654708, t=0.5: mean=0.0458, std=1.0067, Time/epoch: 0.004s, ETA: 2.4min
Epoch 161000/200000, Loss: 1.647319, t=0.5: mean=-0.0245, std=1.0264, Time/epoch: 0.004s, ETA: 2.4min
Epoch 161500/200000, Loss: 1.918643, t=0.5: mean=0.0165, std=0.9648, Time/epoch: 0.004s, ETA: 2.4min
Epoch 162000/200000, Loss: 1.852776, t=0.5: mean=0.0078, std=1.0049, Time/epoch: 0.004s, ETA: 2.3min
Epoch 162500/200000, Loss: 1.627523, t=0.5: mean=-0.0041, std=0.9815, Time/epoch: 0.004s, ETA: 2.3min
Epoch 163000/200000, Loss: 1.706497, t=0.5: mean=-0.0121, std=0.9321, Time/epoch: 0.004s, ETA: 2.3min
Epoch 163500/200000, Loss: 1.818582, t=0.5: mean=-0.0107, std=1.0227, Time/epoch: 0.004s, ETA: 2.2min
Epoch 164000/200000, Loss: 1.796303, t=0.5: mean=-0.0347, std=0.9682, Time/epoch: 0.004s, ETA: 2.2min
Epoch 164500/200000, Loss: 1.667071, t=0.5: mean=-0.0662, std=1.0164, Time/epoch: 0.004s, ETA: 2.2min
Epoch 165000/200000, Loss: 1.468297, t=0.5: mean=0.0064, std=0.9974, Time/epoch: 0.004s, ETA: 2.1min
Epoch 165500/200000, Loss: 1.915087, t=0.5: mean=0.0105, std=1.0125, Time/epoch: 0.004s, ETA: 2.1min
Epoch 166000/200000, Loss: 1.666969, t=0.5: mean=0.0145, std=1.0024, Time/epoch: 0.004s, ETA: 2.1min
Epoch 166500/200000, Loss: 1.369404, t=0.5: mean=0.0272, std=1.0462, Time/epoch: 0.004s, ETA: 2.1min
Epoch 167000/200000, Loss: 1.683098, t=0.5: mean=-0.0585, std=1.0174, Time/epoch: 0.004s, ETA: 2.0min
Epoch 167500/200000, Loss: 1.817123, t=0.5: mean=0.0039, std=1.0178, Time/epoch: 0.004s, ETA: 2.0min
Epoch 168000/200000, Loss: 1.938088, t=0.5: mean=0.0817, std=1.0103, Time/epoch: 0.004s, ETA: 2.0min
Epoch 168500/200000, Loss: 1.797384, t=0.5: mean=-0.0143, std=0.9925, Time/epoch: 0.004s, ETA: 1.9min
Epoch 169000/200000, Loss: 1.997529, t=0.5: mean=-0.0244, std=1.0098, Time/epoch: 0.004s, ETA: 1.9min
Epoch 169500/200000, Loss: 1.667274, t=0.5: mean=0.0050, std=1.0165, Time/epoch: 0.004s, ETA: 1.9min
Epoch 170000/200000, Loss: 1.742652, t=0.5: mean=-0.0601, std=0.9962, Time/epoch: 0.004s, ETA: 1.8min
Epoch 170500/200000, Loss: 1.818654, t=0.5: mean=-0.0179, std=1.0138, Time/epoch: 0.004s, ETA: 1.8min
Epoch 171000/200000, Loss: 1.718434, t=0.5: mean=-0.0434, std=0.9962, Time/epoch: 0.004s, ETA: 1.8min
Epoch 171500/200000, Loss: 1.900346, t=0.5: mean=0.0192, std=0.9763, Time/epoch: 0.004s, ETA: 1.7min
Epoch 172000/200000, Loss: 1.922029, t=0.5: mean=0.0338, std=0.9557, Time/epoch: 0.004s, ETA: 1.7min
Epoch 172500/200000, Loss: 1.751149, t=0.5: mean=-0.0285, std=0.9816, Time/epoch: 0.004s, ETA: 1.7min
Epoch 173000/200000, Loss: 1.809328, t=0.5: mean=0.0296, std=1.0000, Time/epoch: 0.004s, ETA: 1.7min
Epoch 173500/200000, Loss: 1.782396, t=0.5: mean=-0.0397, std=0.9807, Time/epoch: 0.004s, ETA: 1.6min
Epoch 174000/200000, Loss: 2.109820, t=0.5: mean=-0.0167, std=0.9907, Time/epoch: 0.004s, ETA: 1.6min
Epoch 174500/200000, Loss: 1.752239, t=0.5: mean=0.0267, std=0.9956, Time/epoch: 0.004s, ETA: 1.6min
Epoch 175000/200000, Loss: 2.003872, t=0.5: mean=-0.0329, std=0.9789, Time/epoch: 0.004s, ETA: 1.5min
Epoch 175500/200000, Loss: 2.046053, t=0.5: mean=-0.0991, std=0.9938, Time/epoch: 0.004s, ETA: 1.5min
Epoch 176000/200000, Loss: 1.928048, t=0.5: mean=-0.0282, std=0.9858, Time/epoch: 0.004s, ETA: 1.5min
Epoch 176500/200000, Loss: 1.878677, t=0.5: mean=-0.0192, std=1.0204, Time/epoch: 0.004s, ETA: 1.4min
Epoch 177000/200000, Loss: 1.565598, t=0.5: mean=-0.0037, std=0.9771, Time/epoch: 0.004s, ETA: 1.4min
Epoch 177500/200000, Loss: 1.780297, t=0.5: mean=0.0569, std=1.0001, Time/epoch: 0.004s, ETA: 1.4min
Epoch 178000/200000, Loss: 1.652694, t=0.5: mean=-0.0660, std=0.9946, Time/epoch: 0.004s, ETA: 1.3min
Epoch 178500/200000, Loss: 1.404554, t=0.5: mean=0.0228, std=1.0227, Time/epoch: 0.004s, ETA: 1.3min
Epoch 179000/200000, Loss: 1.872235, t=0.5: mean=0.0116, std=0.9961, Time/epoch: 0.004s, ETA: 1.3min
Epoch 179500/200000, Loss: 1.747375, t=0.5: mean=0.0348, std=0.9873, Time/epoch: 0.004s, ETA: 1.3min
Epoch 180000/200000, Loss: 1.878765, t=0.5: mean=0.0027, std=0.9976, Time/epoch: 0.004s, ETA: 1.2min
Epoch 180500/200000, Loss: 2.187168, t=0.5: mean=0.0213, std=1.0123, Time/epoch: 0.004s, ETA: 1.2min
Epoch 181000/200000, Loss: 1.713104, t=0.5: mean=0.0126, std=1.0087, Time/epoch: 0.004s, ETA: 1.2min
Epoch 181500/200000, Loss: 1.703460, t=0.5: mean=0.0281, std=1.0057, Time/epoch: 0.004s, ETA: 1.1min
Epoch 182000/200000, Loss: 1.807483, t=0.5: mean=0.0117, std=1.0501, Time/epoch: 0.004s, ETA: 1.1min
Epoch 182500/200000, Loss: 1.845456, t=0.5: mean=-0.0208, std=1.0093, Time/epoch: 0.004s, ETA: 1.1min
Epoch 183000/200000, Loss: 2.030033, t=0.5: mean=-0.0429, std=0.9708, Time/epoch: 0.004s, ETA: 1.0min
Epoch 183500/200000, Loss: 1.987273, t=0.5: mean=-0.0073, std=1.0055, Time/epoch: 0.004s, ETA: 1.0min
Epoch 184000/200000, Loss: 1.903118, t=0.5: mean=0.0404, std=1.0213, Time/epoch: 0.004s, ETA: 1.0min
Epoch 184500/200000, Loss: 1.692019, t=0.5: mean=0.0248, std=1.0008, Time/epoch: 0.004s, ETA: 0.9min
Epoch 185000/200000, Loss: 1.861453, t=0.5: mean=0.0458, std=0.9913, Time/epoch: 0.004s, ETA: 0.9min
Epoch 185500/200000, Loss: 1.978766, t=0.5: mean=0.0050, std=1.0039, Time/epoch: 0.004s, ETA: 0.9min
Epoch 186000/200000, Loss: 2.059327, t=0.5: mean=0.0368, std=0.9750, Time/epoch: 0.004s, ETA: 0.9min
Epoch 186500/200000, Loss: 1.882313, t=0.5: mean=0.0181, std=0.9798, Time/epoch: 0.004s, ETA: 0.8min
Epoch 187000/200000, Loss: 1.813575, t=0.5: mean=0.0206, std=0.9679, Time/epoch: 0.004s, ETA: 0.8min
Epoch 187500/200000, Loss: 1.860427, t=0.5: mean=-0.0051, std=1.0439, Time/epoch: 0.004s, ETA: 0.8min
Epoch 188000/200000, Loss: 1.820666, t=0.5: mean=-0.0332, std=1.0125, Time/epoch: 0.004s, ETA: 0.7min
Epoch 188500/200000, Loss: 1.972465, t=0.5: mean=-0.0184, std=1.0138, Time/epoch: 0.004s, ETA: 0.7min
Epoch 189000/200000, Loss: 1.755390, t=0.5: mean=-0.0172, std=1.0352, Time/epoch: 0.004s, ETA: 0.7min
Epoch 189500/200000, Loss: 1.609734, t=0.5: mean=0.0133, std=0.9854, Time/epoch: 0.004s, ETA: 0.6min
Epoch 190000/200000, Loss: 1.922011, t=0.5: mean=-0.0043, std=1.0475, Time/epoch: 0.004s, ETA: 0.6min
Epoch 190500/200000, Loss: 1.699479, t=0.5: mean=-0.0165, std=0.9484, Time/epoch: 0.004s, ETA: 0.6min
Epoch 191000/200000, Loss: 2.021705, t=0.5: mean=-0.0133, std=0.9877, Time/epoch: 0.004s, ETA: 0.6min
Epoch 191500/200000, Loss: 1.974951, t=0.5: mean=-0.0378, std=1.0064, Time/epoch: 0.004s, ETA: 0.5min
Epoch 192000/200000, Loss: 1.836747, t=0.5: mean=-0.0480, std=1.0211, Time/epoch: 0.004s, ETA: 0.5min
Epoch 192500/200000, Loss: 1.696293, t=0.5: mean=0.0001, std=0.9992, Time/epoch: 0.004s, ETA: 0.5min
Epoch 193000/200000, Loss: 1.990118, t=0.5: mean=-0.0032, std=1.0115, Time/epoch: 0.004s, ETA: 0.4min
Epoch 193500/200000, Loss: 1.727074, t=0.5: mean=-0.0154, std=1.0291, Time/epoch: 0.004s, ETA: 0.4min
Epoch 194000/200000, Loss: 1.764562, t=0.5: mean=0.0255, std=1.0457, Time/epoch: 0.004s, ETA: 0.4min
Epoch 194500/200000, Loss: 2.056042, t=0.5: mean=0.0108, std=0.9793, Time/epoch: 0.004s, ETA: 0.3min
Epoch 195000/200000, Loss: 1.861478, t=0.5: mean=0.0140, std=1.0324, Time/epoch: 0.004s, ETA: 0.3min
Epoch 195500/200000, Loss: 1.753123, t=0.5: mean=0.0265, std=1.0199, Time/epoch: 0.004s, ETA: 0.3min
Epoch 196000/200000, Loss: 1.982051, t=0.5: mean=-0.0197, std=0.9909, Time/epoch: 0.004s, ETA: 0.2min
Epoch 196500/200000, Loss: 1.702782, t=0.5: mean=0.0390, std=0.9840, Time/epoch: 0.004s, ETA: 0.2min
Epoch 197000/200000, Loss: 1.821449, t=0.5: mean=0.0182, std=1.0144, Time/epoch: 0.004s, ETA: 0.2min
Epoch 197500/200000, Loss: 1.673368, t=0.5: mean=0.0098, std=1.0136, Time/epoch: 0.004s, ETA: 0.2min
Epoch 198000/200000, Loss: 1.770810, t=0.5: mean=0.0232, std=0.9820, Time/epoch: 0.004s, ETA: 0.1min
Epoch 198500/200000, Loss: 1.902635, t=0.5: mean=-0.0039, std=1.0082, Time/epoch: 0.004s, ETA: 0.1min
Epoch 199000/200000, Loss: 2.045898, t=0.5: mean=0.0072, std=0.9836, Time/epoch: 0.004s, ETA: 0.1min
Epoch 199500/200000, Loss: 2.029322, t=0.5: mean=0.0401, std=0.9920, Time/epoch: 0.004s, ETA: 0.0min
Epoch 199999/200000, Loss: 1.771458, t=0.5: mean=-0.0189, std=1.0013, Time/epoch: 0.004s, ETA: 0.0min

Training completed in 30.10 minutes!

======================================================================
Final Validation and Visualization
======================================================================

Saved: results_doublewell1d/loss.png
Saved: results_doublewell1d/distributions.png
Saved: results_doublewell1d/time_evolution.png
Saved: results_doublewell1d/mean_variance.png

Saved: results_doublewell1d/checkpoint.pth

======================================================================
Summary Statistics:
======================================================================
Total training time: 30.10 minutes
Average time per epoch: 0.004 seconds
Final loss: 1.771458e+00
Final distribution (t=1.0): mean=-0.0135, std=1.0120

======================================================================
All done! Check the 'results_doublewell1d' directory for outputs.
======================================================================
