Using device: cuda
Dimension: 2
Wells at: ±[0.70710678 0.70710678]
Initial center: [-0.70710678 -0.70710678]

Starting training...
Epoch 500/150000, Loss: 34.143402
Epoch 1000/150000, Loss: 25.079018
Epoch 1500/150000, Loss: 29.362421
Epoch 2000/150000, Loss: 34.749737
Epoch 2500/150000, Loss: 40.547390
Epoch 3000/150000, Loss: 41.154285
Epoch 3500/150000, Loss: 57.236771
Epoch 4000/150000, Loss: 63.302460
Epoch 4500/150000, Loss: 65.878189
Epoch 5000/150000, Loss: 75.640297
Epoch 5500/150000, Loss: 76.267143
Epoch 6000/150000, Loss: 92.807167
Epoch 6500/150000, Loss: 92.598633
Epoch 7000/150000, Loss: 94.558624
Epoch 7500/150000, Loss: 95.233559
Epoch 8000/150000, Loss: 101.337807
Epoch 8500/150000, Loss: 89.581055
Epoch 9000/150000, Loss: 55.335789
Epoch 9500/150000, Loss: 87.561852
Epoch 10000/150000, Loss: 99.663300
Epoch 10500/150000, Loss: 104.063004
Epoch 11000/150000, Loss: 71.864441
Epoch 11500/150000, Loss: 87.274147
Epoch 12000/150000, Loss: 72.036163
Epoch 12500/150000, Loss: 71.842827
Epoch 13000/150000, Loss: 86.191238
Epoch 13500/150000, Loss: 84.283165
Epoch 14000/150000, Loss: 65.039795
Epoch 14500/150000, Loss: 79.535583
Epoch 15000/150000, Loss: 166.921494
Epoch 15500/150000, Loss: 78.343506
Epoch 16000/150000, Loss: 62.756104
Epoch 16500/150000, Loss: 66.150398
Epoch 17000/150000, Loss: 68.307793
Epoch 17500/150000, Loss: 73.971382
Epoch 18000/150000, Loss: 79.167480
Epoch 18500/150000, Loss: 62.379063
Epoch 19000/150000, Loss: nan
Epoch 19500/150000, Loss: nan
Epoch 20000/150000, Loss: nan
Epoch 20500/150000, Loss: nan
Epoch 21000/150000, Loss: nan
Epoch 21500/150000, Loss: nan
Epoch 22000/150000, Loss: nan
Epoch 22500/150000, Loss: nan
Epoch 23000/150000, Loss: nan
Epoch 23500/150000, Loss: nan
Epoch 24000/150000, Loss: nan
Epoch 24500/150000, Loss: nan
Epoch 25000/150000, Loss: nan
Epoch 25500/150000, Loss: nan
Epoch 26000/150000, Loss: nan
Epoch 26500/150000, Loss: nan
Epoch 27000/150000, Loss: nan
Epoch 27500/150000, Loss: nan
Epoch 28000/150000, Loss: nan
Epoch 28500/150000, Loss: nan
Epoch 29000/150000, Loss: nan
Epoch 29500/150000, Loss: nan
Epoch 30000/150000, Loss: nan
Epoch 30500/150000, Loss: nan
Epoch 31000/150000, Loss: nan
Epoch 31500/150000, Loss: nan
Epoch 32000/150000, Loss: nan
Epoch 32500/150000, Loss: nan
Epoch 33000/150000, Loss: nan
Epoch 33500/150000, Loss: nan
Epoch 34000/150000, Loss: nan
Epoch 34500/150000, Loss: nan
Epoch 35000/150000, Loss: nan
Epoch 35500/150000, Loss: nan
Epoch 36000/150000, Loss: nan
Epoch 36500/150000, Loss: nan
Epoch 37000/150000, Loss: nan
Epoch 37500/150000, Loss: nan
Epoch 38000/150000, Loss: nan
Epoch 38500/150000, Loss: nan
Epoch 39000/150000, Loss: nan
Epoch 39500/150000, Loss: nan
Epoch 40000/150000, Loss: nan
Epoch 40500/150000, Loss: nan
Epoch 41000/150000, Loss: nan
Epoch 41500/150000, Loss: nan
Epoch 42000/150000, Loss: nan
Epoch 42500/150000, Loss: nan
Epoch 43000/150000, Loss: nan
Epoch 43500/150000, Loss: nan
Epoch 44000/150000, Loss: nan
Epoch 44500/150000, Loss: nan
Epoch 45000/150000, Loss: nan
Epoch 45500/150000, Loss: nan
Epoch 46000/150000, Loss: nan
Epoch 46500/150000, Loss: nan
Epoch 47000/150000, Loss: nan
Epoch 47500/150000, Loss: nan
Epoch 48000/150000, Loss: nan
Epoch 48500/150000, Loss: nan
Epoch 49000/150000, Loss: nan
Epoch 49500/150000, Loss: nan
Epoch 50000/150000, Loss: nan
Epoch 50500/150000, Loss: nan
Epoch 51000/150000, Loss: nan
Epoch 51500/150000, Loss: nan
Epoch 52000/150000, Loss: nan
Epoch 52500/150000, Loss: nan
Epoch 53000/150000, Loss: nan
Epoch 53500/150000, Loss: nan
Epoch 54000/150000, Loss: nan
Epoch 54500/150000, Loss: nan
Epoch 55000/150000, Loss: nan
Epoch 55500/150000, Loss: nan
Epoch 56000/150000, Loss: nan
Epoch 56500/150000, Loss: nan
Epoch 57000/150000, Loss: nan
Epoch 57500/150000, Loss: nan
Epoch 58000/150000, Loss: nan
Epoch 58500/150000, Loss: nan
Epoch 59000/150000, Loss: nan
Epoch 59500/150000, Loss: nan
Epoch 60000/150000, Loss: nan
Epoch 60500/150000, Loss: nan
Epoch 61000/150000, Loss: nan
Epoch 61500/150000, Loss: nan
Epoch 62000/150000, Loss: nan
Epoch 62500/150000, Loss: nan
Epoch 63000/150000, Loss: nan
Epoch 63500/150000, Loss: nan
Epoch 64000/150000, Loss: nan
Epoch 64500/150000, Loss: nan
Epoch 65000/150000, Loss: nan
Epoch 65500/150000, Loss: nan
Epoch 66000/150000, Loss: nan
Epoch 66500/150000, Loss: nan
Epoch 67000/150000, Loss: nan
Epoch 67500/150000, Loss: nan
Epoch 68000/150000, Loss: nan
Epoch 68500/150000, Loss: nan
Epoch 69000/150000, Loss: nan
Epoch 69500/150000, Loss: nan
Epoch 70000/150000, Loss: nan
Epoch 70500/150000, Loss: nan
Epoch 71000/150000, Loss: nan
Epoch 71500/150000, Loss: nan
Epoch 72000/150000, Loss: nan
Epoch 72500/150000, Loss: nan
Epoch 73000/150000, Loss: nan
Epoch 73500/150000, Loss: nan
Epoch 74000/150000, Loss: nan
Epoch 74500/150000, Loss: nan
Epoch 75000/150000, Loss: nan
Epoch 75500/150000, Loss: nan
Epoch 76000/150000, Loss: nan
Epoch 76500/150000, Loss: nan
Epoch 77000/150000, Loss: nan
Epoch 77500/150000, Loss: nan
Epoch 78000/150000, Loss: nan
Epoch 78500/150000, Loss: nan
Epoch 79000/150000, Loss: nan
Epoch 79500/150000, Loss: nan
Epoch 80000/150000, Loss: nan
Epoch 80500/150000, Loss: nan
Epoch 81000/150000, Loss: nan
Epoch 81500/150000, Loss: nan
Epoch 82000/150000, Loss: nan
Epoch 82500/150000, Loss: nan
Epoch 83000/150000, Loss: nan
Epoch 83500/150000, Loss: nan
Epoch 84000/150000, Loss: nan
Epoch 84500/150000, Loss: nan
Epoch 85000/150000, Loss: nan
Epoch 85500/150000, Loss: nan
Epoch 86000/150000, Loss: nan
Epoch 86500/150000, Loss: nan
Epoch 87000/150000, Loss: nan
Epoch 87500/150000, Loss: nan
Epoch 88000/150000, Loss: nan
Epoch 88500/150000, Loss: nan
Epoch 89000/150000, Loss: nan
Epoch 89500/150000, Loss: nan
Epoch 90000/150000, Loss: nan
Epoch 90500/150000, Loss: nan
Epoch 91000/150000, Loss: nan
Epoch 91500/150000, Loss: nan
Epoch 92000/150000, Loss: nan
Epoch 92500/150000, Loss: nan
Epoch 93000/150000, Loss: nan
Epoch 93500/150000, Loss: nan
Epoch 94000/150000, Loss: nan
Epoch 94500/150000, Loss: nan
Epoch 95000/150000, Loss: nan
Epoch 95500/150000, Loss: nan
Epoch 96000/150000, Loss: nan
Epoch 96500/150000, Loss: nan
Epoch 97000/150000, Loss: nan
Epoch 97500/150000, Loss: nan
Epoch 98000/150000, Loss: nan
Epoch 98500/150000, Loss: nan
Epoch 99000/150000, Loss: nan
Epoch 99500/150000, Loss: nan
Epoch 100000/150000, Loss: nan
Epoch 100500/150000, Loss: nan
Epoch 101000/150000, Loss: nan
Epoch 101500/150000, Loss: nan
Epoch 102000/150000, Loss: nan
Epoch 102500/150000, Loss: nan
Epoch 103000/150000, Loss: nan
Epoch 103500/150000, Loss: nan
Epoch 104000/150000, Loss: nan
Epoch 104500/150000, Loss: nan
Epoch 105000/150000, Loss: nan
Epoch 105500/150000, Loss: nan
Epoch 106000/150000, Loss: nan
Epoch 106500/150000, Loss: nan
Epoch 107000/150000, Loss: nan
Epoch 107500/150000, Loss: nan
Epoch 108000/150000, Loss: nan
Epoch 108500/150000, Loss: nan
Epoch 109000/150000, Loss: nan
Epoch 109500/150000, Loss: nan
Epoch 110000/150000, Loss: nan
Epoch 110500/150000, Loss: nan
Epoch 111000/150000, Loss: nan
Epoch 111500/150000, Loss: nan
Epoch 112000/150000, Loss: nan
Epoch 112500/150000, Loss: nan
Epoch 113000/150000, Loss: nan
Epoch 113500/150000, Loss: nan
Epoch 114000/150000, Loss: nan
Epoch 114500/150000, Loss: nan
Epoch 115000/150000, Loss: nan
Epoch 115500/150000, Loss: nan
Epoch 116000/150000, Loss: nan
Epoch 116500/150000, Loss: nan
Epoch 117000/150000, Loss: nan
Epoch 117500/150000, Loss: nan
Epoch 118000/150000, Loss: nan
Epoch 118500/150000, Loss: nan
Epoch 119000/150000, Loss: nan
Epoch 119500/150000, Loss: nan
Epoch 120000/150000, Loss: nan
Epoch 120500/150000, Loss: nan
Epoch 121000/150000, Loss: nan
Epoch 121500/150000, Loss: nan
Epoch 122000/150000, Loss: nan
Epoch 122500/150000, Loss: nan
Epoch 123000/150000, Loss: nan
Epoch 123500/150000, Loss: nan
Epoch 124000/150000, Loss: nan
Epoch 124500/150000, Loss: nan
Epoch 125000/150000, Loss: nan
Epoch 125500/150000, Loss: nan
Epoch 126000/150000, Loss: nan
Epoch 126500/150000, Loss: nan
Epoch 127000/150000, Loss: nan
Epoch 127500/150000, Loss: nan
Epoch 128000/150000, Loss: nan
Epoch 128500/150000, Loss: nan
Epoch 129000/150000, Loss: nan
Epoch 129500/150000, Loss: nan
Epoch 130000/150000, Loss: nan
Epoch 130500/150000, Loss: nan
Epoch 131000/150000, Loss: nan
Epoch 131500/150000, Loss: nan
Epoch 132000/150000, Loss: nan
Epoch 132500/150000, Loss: nan
Epoch 133000/150000, Loss: nan
Epoch 133500/150000, Loss: nan
Epoch 134000/150000, Loss: nan
Epoch 134500/150000, Loss: nan
Epoch 135000/150000, Loss: nan
Epoch 135500/150000, Loss: nan
Epoch 136000/150000, Loss: nan
Epoch 136500/150000, Loss: nan
Epoch 137000/150000, Loss: nan
Epoch 137500/150000, Loss: nan
Epoch 138000/150000, Loss: nan
Epoch 138500/150000, Loss: nan
Epoch 139000/150000, Loss: nan
Epoch 139500/150000, Loss: nan
Epoch 140000/150000, Loss: nan
Epoch 140500/150000, Loss: nan
Epoch 141000/150000, Loss: nan
Epoch 141500/150000, Loss: nan
Epoch 142000/150000, Loss: nan
Epoch 142500/150000, Loss: nan
Epoch 143000/150000, Loss: nan
Epoch 143500/150000, Loss: nan
Epoch 144000/150000, Loss: nan
Epoch 144500/150000, Loss: nan
Epoch 145000/150000, Loss: nan
Epoch 145500/150000, Loss: nan
Epoch 146000/150000, Loss: nan
Epoch 146500/150000, Loss: nan
Epoch 147000/150000, Loss: nan
Epoch 147500/150000, Loss: nan
Epoch 148000/150000, Loss: nan
Epoch 148500/150000, Loss: nan
Epoch 149000/150000, Loss: nan
Epoch 149500/150000, Loss: nan
Epoch 150000/150000, Loss: nan
Training complete!
Traceback (most recent call last):
  File "/users/andrewho/WANPM_FP/Time_Dependent/double_well.py", line 372, in <module>
    ax.hist2d(samples[:, 0], samples[:, 1], bins=50, cmap='Blues', density=True)
  File "/users/andrewho/.conda/envs/torch_gpu/lib/python3.10/site-packages/matplotlib/_api/deprecation.py", line 453, in wrapper
    return func(*args, **kwargs)
  File "/users/andrewho/.conda/envs/torch_gpu/lib/python3.10/site-packages/matplotlib/__init__.py", line 1524, in inner
    return func(
  File "/users/andrewho/.conda/envs/torch_gpu/lib/python3.10/site-packages/matplotlib/axes/_axes.py", line 7523, in hist2d
    h, xedges, yedges = np.histogram2d(x, y, bins=bins, range=range,
  File "/users/andrewho/.conda/envs/torch_gpu/lib/python3.10/site-packages/numpy/lib/twodim_base.py", line 808, in histogram2d
    hist, edges = histogramdd([x, y], bins, range, density, weights)
  File "/users/andrewho/.conda/envs/torch_gpu/lib/python3.10/site-packages/numpy/lib/histograms.py", line 1003, in histogramdd
    smin, smax = _get_outer_edges(sample[:,i], range[i])
  File "/users/andrewho/.conda/envs/torch_gpu/lib/python3.10/site-packages/numpy/lib/histograms.py", line 323, in _get_outer_edges
    raise ValueError(
ValueError: autodetected range of [nan, nan] is not finite
