Using device: cuda
GPU: NVIDIA A100-SXM4-80GB
Memory available: 85.10 GB
======================================================================
Time-Dependent 100D Ornstein-Uhlenbeck Process
======================================================================
Parameters: σ=1.0, θ=1.0, μ=0 (all dims), T=1.0
Initial condition: N(μ₀, 0.25·I)
  μ₀[0:5] = [ 0.9934283  -0.2765286   1.2953771   3.0460596  -0.46830675]
Equilibrium: N(0, 0.5·I)
Training: K=5000 test functions, M=10000 batch size, 20000 epochs
======================================================================

Initializing networks...
Pushforward network parameters: 52,580
Test functions parameters: 510,000

Starting training...
----------------------------------------------------------------------
Epoch     0/20000, Loss: 1.219336, t=0.5: mean[0]=1.0135, std_avg=0.5045, Time/epoch: 3.57s, ETA: 1190.1min
Epoch   500/20000, Loss: 0.003559, t=0.5: mean[0]=0.5895, std_avg=0.6235, Time/epoch: 0.02s, ETA: 6.1min
Epoch  1000/20000, Loss: 0.001912, t=0.5: mean[0]=0.6129, std_avg=0.6323, Time/epoch: 0.02s, ETA: 5.8min
Epoch  1500/20000, Loss: 0.001448, t=0.5: mean[0]=0.6443, std_avg=0.6408, Time/epoch: 0.02s, ETA: 5.7min
Epoch  2000/20000, Loss: 0.001195, t=0.5: mean[0]=0.6325, std_avg=0.6406, Time/epoch: 0.02s, ETA: 5.5min
Epoch  2500/20000, Loss: 0.001085, t=0.5: mean[0]=0.6350, std_avg=0.6379, Time/epoch: 0.02s, ETA: 5.4min
Epoch  3000/20000, Loss: 0.001039, t=0.5: mean[0]=0.5704, std_avg=0.6305, Time/epoch: 0.02s, ETA: 5.2min
Epoch  3500/20000, Loss: 0.000861, t=0.5: mean[0]=0.6227, std_avg=0.6363, Time/epoch: 0.02s, ETA: 5.0min
Epoch  4000/20000, Loss: 0.000729, t=0.5: mean[0]=0.6191, std_avg=0.6342, Time/epoch: 0.02s, ETA: 4.9min
Epoch  4500/20000, Loss: 0.001035, t=0.5: mean[0]=0.6085, std_avg=0.6359, Time/epoch: 0.02s, ETA: 4.7min
Epoch  5000/20000, Loss: 0.000655, t=0.5: mean[0]=0.5892, std_avg=0.6266, Time/epoch: 0.02s, ETA: 4.6min

======================================================================
Validation: Mean and Variance Statistics
======================================================================
    Time      Mean Error       Var Error         Mean L2          Var L2
----------------------------------------------------------------------
   0.010        0.026238        0.004036        0.329741        0.051402
   0.500        0.013878        0.040808        0.178733        0.526956
   1.000        0.015475        0.056736        0.194081        0.773332
Epoch  5500/20000, Loss: 0.000773, t=0.5: mean[0]=0.6050, std_avg=0.6315, Time/epoch: 0.02s, ETA: 4.4min
Epoch  6000/20000, Loss: 0.000579, t=0.5: mean[0]=0.6027, std_avg=0.6263, Time/epoch: 0.02s, ETA: 4.3min
Epoch  6500/20000, Loss: 0.000647, t=0.5: mean[0]=0.5885, std_avg=0.6299, Time/epoch: 0.02s, ETA: 4.1min
Epoch  7000/20000, Loss: 0.000605, t=0.5: mean[0]=0.5724, std_avg=0.6306, Time/epoch: 0.02s, ETA: 4.0min
Epoch  7500/20000, Loss: 0.000522, t=0.5: mean[0]=0.5954, std_avg=0.6280, Time/epoch: 0.02s, ETA: 3.8min
Epoch  8000/20000, Loss: 0.001036, t=0.5: mean[0]=0.5868, std_avg=0.6285, Time/epoch: 0.02s, ETA: 3.7min
Epoch  8500/20000, Loss: 0.000596, t=0.5: mean[0]=0.5933, std_avg=0.6258, Time/epoch: 0.02s, ETA: 3.5min
Epoch  9000/20000, Loss: 0.000436, t=0.5: mean[0]=0.6049, std_avg=0.6294, Time/epoch: 0.02s, ETA: 3.4min
Epoch  9500/20000, Loss: 0.000432, t=0.5: mean[0]=0.5596, std_avg=0.6222, Time/epoch: 0.02s, ETA: 3.2min
Epoch 10000/20000, Loss: 0.000480, t=0.5: mean[0]=0.6319, std_avg=0.6230, Time/epoch: 0.02s, ETA: 3.1min

======================================================================
Validation: Mean and Variance Statistics
======================================================================
    Time      Mean Error       Var Error         Mean L2          Var L2
----------------------------------------------------------------------
   0.010        0.018256        0.004446        0.231582        0.054800
   0.500        0.009992        0.033352        0.128203        0.408368
   1.000        0.015043        0.047964        0.194675        0.660703
Epoch 10500/20000, Loss: 0.000401, t=0.5: mean[0]=0.6204, std_avg=0.6236, Time/epoch: 0.02s, ETA: 2.9min
Epoch 11000/20000, Loss: 0.000503, t=0.5: mean[0]=0.6341, std_avg=0.6257, Time/epoch: 0.02s, ETA: 2.8min
Epoch 11500/20000, Loss: 0.000413, t=0.5: mean[0]=0.5942, std_avg=0.6208, Time/epoch: 0.02s, ETA: 2.6min
Epoch 12000/20000, Loss: 0.000360, t=0.5: mean[0]=0.5949, std_avg=0.6228, Time/epoch: 0.02s, ETA: 2.4min
Epoch 12500/20000, Loss: 0.000377, t=0.5: mean[0]=0.5785, std_avg=0.6239, Time/epoch: 0.02s, ETA: 2.3min
Epoch 13000/20000, Loss: 0.000476, t=0.5: mean[0]=0.5912, std_avg=0.6193, Time/epoch: 0.02s, ETA: 2.1min
Epoch 13500/20000, Loss: 0.000679, t=0.5: mean[0]=0.6138, std_avg=0.6191, Time/epoch: 0.02s, ETA: 2.0min
Epoch 14000/20000, Loss: 0.000351, t=0.5: mean[0]=0.5483, std_avg=0.6195, Time/epoch: 0.02s, ETA: 1.8min
Epoch 14500/20000, Loss: 0.000412, t=0.5: mean[0]=0.6143, std_avg=0.6247, Time/epoch: 0.02s, ETA: 1.7min
Epoch 15000/20000, Loss: 0.000332, t=0.5: mean[0]=0.6254, std_avg=0.6220, Time/epoch: 0.02s, ETA: 1.5min

======================================================================
Validation: Mean and Variance Statistics
======================================================================
    Time      Mean Error       Var Error         Mean L2          Var L2
----------------------------------------------------------------------
   0.010        0.016349        0.003866        0.203836        0.049394
   0.500        0.010506        0.028719        0.125404        0.347502
   1.000        0.012315        0.038713        0.150986        0.510427
Epoch 15500/20000, Loss: 0.000373, t=0.5: mean[0]=0.5895, std_avg=0.6258, Time/epoch: 0.02s, ETA: 1.4min
Epoch 16000/20000, Loss: 0.000528, t=0.5: mean[0]=0.6240, std_avg=0.6282, Time/epoch: 0.02s, ETA: 1.2min
Epoch 16500/20000, Loss: 0.000340, t=0.5: mean[0]=0.6190, std_avg=0.6225, Time/epoch: 0.02s, ETA: 1.1min
Epoch 17000/20000, Loss: 0.000510, t=0.5: mean[0]=0.6039, std_avg=0.6220, Time/epoch: 0.02s, ETA: 0.9min
Epoch 17500/20000, Loss: 0.000303, t=0.5: mean[0]=0.5691, std_avg=0.6206, Time/epoch: 0.02s, ETA: 0.8min
Epoch 18000/20000, Loss: 0.000375, t=0.5: mean[0]=0.6045, std_avg=0.6191, Time/epoch: 0.02s, ETA: 0.6min
Epoch 18500/20000, Loss: 0.000316, t=0.5: mean[0]=0.6249, std_avg=0.6249, Time/epoch: 0.02s, ETA: 0.5min
Epoch 19000/20000, Loss: 0.000428, t=0.5: mean[0]=0.6031, std_avg=0.6197, Time/epoch: 0.02s, ETA: 0.3min
Epoch 19500/20000, Loss: 0.000355, t=0.5: mean[0]=0.6047, std_avg=0.6179, Time/epoch: 0.02s, ETA: 0.2min
Epoch 19999/20000, Loss: 0.000363, t=0.5: mean[0]=0.6143, std_avg=0.6244, Time/epoch: 0.02s, ETA: 0.0min

Training completed in 10.49 minutes!

======================================================================
Final Validation
======================================================================

======================================================================
Validation: Mean and Variance Statistics
======================================================================
    Time      Mean Error       Var Error         Mean L2          Var L2
----------------------------------------------------------------------
   0.001        0.009715        0.003847        0.125587        0.049512
   0.100        0.007932        0.012267        0.097170        0.146539
   0.200        0.010395        0.017917        0.132134        0.215456
   0.500        0.009349        0.024500        0.119911        0.300749
   0.800        0.009763        0.026935        0.120865        0.332994
   1.000        0.010932        0.037856        0.134797        0.478797

Saved: results_100d/loss.png
Saved: results_100d/distributions.png

Computing evolution over time...
Saved: results_100d/evolution.png
Saved: results_100d/error_heatmap.png
Saved: results_100d/checkpoint.pth
Saved: results_100d/validation_results.npz

======================================================================
Summary Statistics:
======================================================================
Total training time: 10.49 minutes
Average time per epoch: 0.02 seconds
Final loss: 3.625032e-04
Mean absolute error (t=1.0): 0.010932
Variance error (t=1.0): 0.037856

======================================================================
All done! Check the 'results_100d' directory for outputs.
======================================================================
