Using device: cuda
======================================================================
Fractional 20D Double-Well  (Section 4.10 variant)
======================================================================
Training: N_EPOCHS=90000, K_TEST=5000, ALPHA=1.5, DIM=20
Epoch 500/90000 | Loss: 0.495536 | sigma_coeff: 9.9993
Epoch 1000/90000 | Loss: 0.527115 | sigma_coeff: 9.9973
Epoch 1500/90000 | Loss: 0.662287 | sigma_coeff: 9.9938
Epoch 2000/90000 | Loss: 0.745695 | sigma_coeff: 9.9890
Epoch 2500/90000 | Loss: 1.048998 | sigma_coeff: 9.9829
Epoch 3000/90000 | Loss: 1.563224 | sigma_coeff: 9.9754
Epoch 3500/90000 | Loss: 3.012855 | sigma_coeff: 9.9665
Epoch 4000/90000 | Loss: 5.776655 | sigma_coeff: 9.9562
Epoch 4500/90000 | Loss: 9.065526 | sigma_coeff: 9.9446
Epoch 5000/90000 | Loss: 13.044027 | sigma_coeff: 9.9317
Epoch 5500/90000 | Loss: 17.455053 | sigma_coeff: 9.9174
Epoch 6000/90000 | Loss: 20.476610 | sigma_coeff: 9.9017
Epoch 6500/90000 | Loss: 23.256306 | sigma_coeff: 9.8847
Epoch 7000/90000 | Loss: 27.130566 | sigma_coeff: 9.8664
Epoch 7500/90000 | Loss: 30.793596 | sigma_coeff: 9.8467
Epoch 8000/90000 | Loss: 32.561825 | sigma_coeff: 9.8257
Epoch 8500/90000 | Loss: 34.981941 | sigma_coeff: 9.8034
Epoch 9000/90000 | Loss: 36.239388 | sigma_coeff: 9.7798
Epoch 9500/90000 | Loss: 39.233288 | sigma_coeff: 9.7549
Epoch 10000/90000 | Loss: 39.412254 | sigma_coeff: 9.7287
Epoch 10500/90000 | Loss: 38.662273 | sigma_coeff: 9.7012
Epoch 11000/90000 | Loss: 37.602421 | sigma_coeff: 9.6724
Epoch 11500/90000 | Loss: 36.839520 | sigma_coeff: 9.6423
Epoch 12000/90000 | Loss: 35.570774 | sigma_coeff: 9.6110
Epoch 12500/90000 | Loss: 37.966293 | sigma_coeff: 9.5785
Epoch 13000/90000 | Loss: 36.370094 | sigma_coeff: 9.5446
Epoch 13500/90000 | Loss: 36.554726 | sigma_coeff: 9.5096
Epoch 14000/90000 | Loss: 36.480713 | sigma_coeff: 9.4733
Epoch 14500/90000 | Loss: 35.729782 | sigma_coeff: 9.4359
Epoch 15000/90000 | Loss: 36.525703 | sigma_coeff: 9.3972
Epoch 15500/90000 | Loss: 36.330227 | sigma_coeff: 9.3573
Epoch 16000/90000 | Loss: 30.555443 | sigma_coeff: 9.3163
Epoch 16500/90000 | Loss: 24.201769 | sigma_coeff: 9.2741
Epoch 17000/90000 | Loss: 16.283361 | sigma_coeff: 9.2308
Epoch 17500/90000 | Loss: 15.129839 | sigma_coeff: 9.1863
Epoch 18000/90000 | Loss: 11.578748 | sigma_coeff: 9.1407
Epoch 18500/90000 | Loss: 10.290201 | sigma_coeff: 9.0940
Epoch 19000/90000 | Loss: 7.634909 | sigma_coeff: 9.0461
Epoch 19500/90000 | Loss: 6.431997 | sigma_coeff: 8.9973
Epoch 20000/90000 | Loss: 5.185858 | sigma_coeff: 8.9473
Epoch 20500/90000 | Loss: 7.729097 | sigma_coeff: 8.8963
Epoch 21000/90000 | Loss: 4.766098 | sigma_coeff: 8.8443
Epoch 21500/90000 | Loss: 3.646302 | sigma_coeff: 8.7912
Epoch 22000/90000 | Loss: 6.517910 | sigma_coeff: 8.7371
Epoch 22500/90000 | Loss: 3.732801 | sigma_coeff: 8.6821
Epoch 23000/90000 | Loss: 3.305143 | sigma_coeff: 8.6261
Epoch 23500/90000 | Loss: 5.178361 | sigma_coeff: 8.5691
Epoch 24000/90000 | Loss: 3.532528 | sigma_coeff: 8.5112
Epoch 24500/90000 | Loss: 3.335077 | sigma_coeff: 8.4524
Epoch 25000/90000 | Loss: 5.186620 | sigma_coeff: 8.3927
Epoch 25500/90000 | Loss: 2.892791 | sigma_coeff: 8.3321
Epoch 26000/90000 | Loss: 2.604732 | sigma_coeff: 8.2706
Epoch 26500/90000 | Loss: 5.154524 | sigma_coeff: 8.2083
Epoch 27000/90000 | Loss: 3.265571 | sigma_coeff: 8.1452
Epoch 27500/90000 | Loss: 2.579948 | sigma_coeff: 8.0812
Epoch 28000/90000 | Loss: 5.244154 | sigma_coeff: 8.0165
Epoch 28500/90000 | Loss: 3.775545 | sigma_coeff: 7.9510
Epoch 29000/90000 | Loss: 2.643000 | sigma_coeff: 7.8848
Epoch 29500/90000 | Loss: 4.550637 | sigma_coeff: 7.8178
Epoch 30000/90000 | Loss: 2.790366 | sigma_coeff: 7.7501
Epoch 30500/90000 | Loss: 3.009526 | sigma_coeff: 7.6818
Epoch 31000/90000 | Loss: 5.337129 | sigma_coeff: 7.6128
Epoch 31500/90000 | Loss: 2.512643 | sigma_coeff: 7.5431
Epoch 32000/90000 | Loss: 1.826241 | sigma_coeff: 7.4728
Epoch 32500/90000 | Loss: 2.047090 | sigma_coeff: 7.4019
Epoch 33000/90000 | Loss: 1.620381 | sigma_coeff: 7.3305
Epoch 33500/90000 | Loss: 2.424376 | sigma_coeff: 7.2584
Epoch 34000/90000 | Loss: 1.398345 | sigma_coeff: 7.1859
Epoch 34500/90000 | Loss: 2.754689 | sigma_coeff: 7.1128
Epoch 35000/90000 | Loss: 4.044738 | sigma_coeff: 7.0392
Epoch 35500/90000 | Loss: 3.451641 | sigma_coeff: 6.9652
Epoch 36000/90000 | Loss: 2.612919 | sigma_coeff: 6.8907
Epoch 36500/90000 | Loss: 5.250572 | sigma_coeff: 6.8158
Epoch 37000/90000 | Loss: 4.240469 | sigma_coeff: 6.7405
Epoch 37500/90000 | Loss: 2.847660 | sigma_coeff: 6.6648
Epoch 38000/90000 | Loss: 4.903102 | sigma_coeff: 6.5888
Epoch 38500/90000 | Loss: 2.955166 | sigma_coeff: 6.5124
Epoch 39000/90000 | Loss: 3.196244 | sigma_coeff: 6.4358
Epoch 39500/90000 | Loss: 3.551312 | sigma_coeff: 6.3588
Epoch 40000/90000 | Loss: 3.163383 | sigma_coeff: 6.2816
Epoch 40500/90000 | Loss: 3.136599 | sigma_coeff: 6.2041
Epoch 41000/90000 | Loss: 4.243323 | sigma_coeff: 6.1264
Epoch 41500/90000 | Loss: 3.015989 | sigma_coeff: 6.0486
Epoch 42000/90000 | Loss: 2.776761 | sigma_coeff: 5.9705
Epoch 42500/90000 | Loss: 4.831115 | sigma_coeff: 5.8924
Epoch 43000/90000 | Loss: 3.342789 | sigma_coeff: 5.8141
Epoch 43500/90000 | Loss: 2.679294 | sigma_coeff: 5.7357
Epoch 44000/90000 | Loss: 5.914841 | sigma_coeff: 5.6572
Epoch 44500/90000 | Loss: 5.479896 | sigma_coeff: 5.5787
Epoch 45000/90000 | Loss: 2.705662 | sigma_coeff: 5.5002
Epoch 45500/90000 | Loss: 5.474977 | sigma_coeff: 5.4216
Epoch 46000/90000 | Loss: 4.307148 | sigma_coeff: 5.3431
Epoch 46500/90000 | Loss: 3.257331 | sigma_coeff: 5.2646
Epoch 47000/90000 | Loss: 5.168539 | sigma_coeff: 5.1863
Epoch 47500/90000 | Loss: 3.200045 | sigma_coeff: 5.1080
Epoch 48000/90000 | Loss: 3.997842 | sigma_coeff: 5.0298
Epoch 48500/90000 | Loss: 5.071990 | sigma_coeff: 4.9517
Epoch 49000/90000 | Loss: 4.262450 | sigma_coeff: 4.8739
Epoch 49500/90000 | Loss: 4.204734 | sigma_coeff: 4.7962
Epoch 50000/90000 | Loss: 5.823121 | sigma_coeff: 4.7187
Epoch 50500/90000 | Loss: 3.761590 | sigma_coeff: 4.6415
Epoch 51000/90000 | Loss: 2.482487 | sigma_coeff: 4.5646
Epoch 51500/90000 | Loss: 5.493845 | sigma_coeff: 4.4879
Epoch 52000/90000 | Loss: 4.060340 | sigma_coeff: 4.4115
Epoch 52500/90000 | Loss: 3.013080 | sigma_coeff: 4.3355
Epoch 53000/90000 | Loss: 6.267686 | sigma_coeff: 4.2598
Epoch 53500/90000 | Loss: 4.192985 | sigma_coeff: 4.1845
Epoch 54000/90000 | Loss: 2.857257 | sigma_coeff: 4.1096
Epoch 54500/90000 | Loss: 5.272243 | sigma_coeff: 4.0351
Epoch 55000/90000 | Loss: 4.200747 | sigma_coeff: 3.9611
Epoch 55500/90000 | Loss: 3.451146 | sigma_coeff: 3.8875
Epoch 56000/90000 | Loss: 5.394546 | sigma_coeff: 3.8144
Epoch 56500/90000 | Loss: 3.714731 | sigma_coeff: 3.7419
Epoch 57000/90000 | Loss: 3.661776 | sigma_coeff: 3.6698
Epoch 57500/90000 | Loss: 6.088662 | sigma_coeff: 3.5984
Epoch 58000/90000 | Loss: 2.116658 | sigma_coeff: 3.5275
Epoch 58500/90000 | Loss: 2.435611 | sigma_coeff: 3.4572
Epoch 59000/90000 | Loss: 1.827669 | sigma_coeff: 3.3875
Epoch 59500/90000 | Loss: 2.089908 | sigma_coeff: 3.3185
Epoch 60000/90000 | Loss: 2.401643 | sigma_coeff: 3.2501
Epoch 60500/90000 | Loss: 2.346678 | sigma_coeff: 3.1825
Epoch 61000/90000 | Loss: 2.126491 | sigma_coeff: 3.1155
Epoch 61500/90000 | Loss: 2.308012 | sigma_coeff: 3.0493
Epoch 62000/90000 | Loss: 2.118542 | sigma_coeff: 2.9838
Epoch 62500/90000 | Loss: 2.074388 | sigma_coeff: 2.9190
Epoch 63000/90000 | Loss: 2.220749 | sigma_coeff: 2.8551
Epoch 63500/90000 | Loss: 2.196757 | sigma_coeff: 2.7920
Epoch 64000/90000 | Loss: 2.043441 | sigma_coeff: 2.7296
Epoch 64500/90000 | Loss: 2.582410 | sigma_coeff: 2.6682
Epoch 65000/90000 | Loss: 2.207662 | sigma_coeff: 2.6076
Epoch 65500/90000 | Loss: 1.883248 | sigma_coeff: 2.5479
Epoch 66000/90000 | Loss: 2.204470 | sigma_coeff: 2.4890
Epoch 66500/90000 | Loss: 2.704225 | sigma_coeff: 2.4311
Epoch 67000/90000 | Loss: 1.852760 | sigma_coeff: 2.3742
Epoch 67500/90000 | Loss: 2.210159 | sigma_coeff: 2.3181
Epoch 68000/90000 | Loss: 2.285510 | sigma_coeff: 2.2631
Epoch 68500/90000 | Loss: 2.870369 | sigma_coeff: 2.2090
Epoch 69000/90000 | Loss: 2.459250 | sigma_coeff: 2.1560
Epoch 69500/90000 | Loss: 2.339594 | sigma_coeff: 2.1039
Epoch 70000/90000 | Loss: 2.413097 | sigma_coeff: 2.0529
Epoch 70500/90000 | Loss: 2.518156 | sigma_coeff: 2.0029
Epoch 71000/90000 | Loss: 2.243413 | sigma_coeff: 1.9540
Epoch 71500/90000 | Loss: 2.563867 | sigma_coeff: 1.9062
Epoch 72000/90000 | Loss: 2.682277 | sigma_coeff: 1.8595
Epoch 72500/90000 | Loss: 2.601940 | sigma_coeff: 1.8139
Epoch 73000/90000 | Loss: 2.326971 | sigma_coeff: 1.7694
Epoch 73500/90000 | Loss: 1.932775 | sigma_coeff: 1.7261
Epoch 74000/90000 | Loss: 2.206014 | sigma_coeff: 1.6839
Epoch 74500/90000 | Loss: 2.114191 | sigma_coeff: 1.6428
Epoch 75000/90000 | Loss: 3.183465 | sigma_coeff: 1.6030
Epoch 75500/90000 | Loss: 2.483950 | sigma_coeff: 1.5643
Epoch 76000/90000 | Loss: 2.676695 | sigma_coeff: 1.5268
Epoch 76500/90000 | Loss: 2.554286 | sigma_coeff: 1.4905
Epoch 77000/90000 | Loss: 2.429028 | sigma_coeff: 1.4555
Epoch 77500/90000 | Loss: 3.363422 | sigma_coeff: 1.4217
Epoch 78000/90000 | Loss: 2.453541 | sigma_coeff: 1.3891
Epoch 78500/90000 | Loss: 2.569979 | sigma_coeff: 1.3578
Epoch 79000/90000 | Loss: 2.938260 | sigma_coeff: 1.3277
Epoch 79500/90000 | Loss: 2.553762 | sigma_coeff: 1.2989
Epoch 80000/90000 | Loss: 2.968779 | sigma_coeff: 1.2714
Epoch 80500/90000 | Loss: 2.436096 | sigma_coeff: 1.2452
Epoch 81000/90000 | Loss: 2.443585 | sigma_coeff: 1.2203
Epoch 81500/90000 | Loss: 3.162962 | sigma_coeff: 1.1967
Epoch 82000/90000 | Loss: 3.026595 | sigma_coeff: 1.1744
Epoch 82500/90000 | Loss: 2.734738 | sigma_coeff: 1.1534
Epoch 83000/90000 | Loss: 3.104626 | sigma_coeff: 1.1337
Epoch 83500/90000 | Loss: 2.874650 | sigma_coeff: 1.1154
Epoch 84000/90000 | Loss: 3.334273 | sigma_coeff: 1.0984
Epoch 84500/90000 | Loss: 2.496818 | sigma_coeff: 1.0827
Epoch 85000/90000 | Loss: 2.818602 | sigma_coeff: 1.0684
Epoch 85500/90000 | Loss: 2.500455 | sigma_coeff: 1.0554
Epoch 86000/90000 | Loss: 2.742370 | sigma_coeff: 1.0438
Epoch 86500/90000 | Loss: 2.616615 | sigma_coeff: 1.0336
Epoch 87000/90000 | Loss: 2.940887 | sigma_coeff: 1.0247
Epoch 87500/90000 | Loss: 2.365656 | sigma_coeff: 1.0171
Epoch 88000/90000 | Loss: 2.779837 | sigma_coeff: 1.0110
Epoch 88500/90000 | Loss: 2.174228 | sigma_coeff: 1.0062
Epoch 89000/90000 | Loss: 2.819252 | sigma_coeff: 1.0027
Epoch 89500/90000 | Loss: 2.669925 | sigma_coeff: 1.0007
Epoch 90000/90000 | Loss: 2.508214 | sigma_coeff: 1.0000
Plots saved.
Model saved.
Done.
